03/10/2021  12:03:1615393848 PM [ERROR] [root] App finished!
03/10/2021  12:03:1615393990 PM [ERROR] [root] App finished!
03/10/2021  12:03:1615394091 PM [ERROR] [root] App finished!
03/10/2021  12:03:1615394174 PM [ERROR] [root] App finished!
03/10/2021  12:03:1615394246 PM [ERROR] [root] App finished!
03/10/2021  12:03:1615394250 PM [ERROR] [root] Problems: could not open port  /dev/ttyUSB0 
03/10/2021  12:03:1615394264 PM [ERROR] [root] App finished!
03/10/2021  12:03:1615394941 PM [ERROR] [root] App finished!
03/10/2021  12:03:1615395100 PM [ERROR] [root] App finished!
03/10/2021  12:03:1615395160 PM [ERROR] [root] App finished!
03/10/2021  01:03:1615397259 PM [ERROR] [root] App finished!
03/10/2021  01:03:1615397337 PM [ERROR] [root] App finished!
03/10/2021  01:03:1615397408 PM [ERROR] [root] App finished!
03/10/2021  01:03:1615397623 PM [ERROR] [root] App finished!
03/10/2021  01:03:1615399116 PM [ERROR] [root] App finished!
03/10/2021  02:03:1615399278 PM [ERROR] [root] App finished!
03/10/2021  02:03:1615399521 PM [ERROR] [root] App finished!
03/10/2021  02:03:1615399792 PM [ERROR] [root] App finished!
03/10/2021  02:03:1615399913 PM [ERROR] [root] App finished!
03/10/2021  02:03:1615400365 PM [ERROR] [root] App finished!
03/10/2021  02:03:1615400505 PM [ERROR] [root] App finished!
03/10/2021  02:03:1615400604 PM [ERROR] [root] App finished!
03/10/2021  02:03:1615400623 PM [ERROR] [root] App finished!
03/10/2021  02:03:1615400702 PM [ERROR] [root] App finished!
03/10/2021  02:03:1615400752 PM [ERROR] [root] App finished!
03/10/2021  02:03:1615400780 PM [ERROR] [root] App finished!
03/10/2021  05:03:1615411722 PM [ERROR] [post] No internet
03/10/2021  05:03:1615411727 PM [ERROR] [root] App finished!
03/10/2021  05:03:1615411918 PM [ERROR] [post] Problems?
03/10/2021  05:03:1615411918 PM [ERROR] [post] No internet
03/10/2021  05:03:1615411922 PM [ERROR] [root] App finished!
03/10/2021  05:03:1615412000 PM [ERROR] [post] No internet
03/10/2021  05:03:1615412003 PM [ERROR] [root] App finished!
03/10/2021  05:03:1615412204 PM [ERROR] [post] Problems? (<class 'requests.exceptions.ConnectionError'>, ConnectionError(MaxRetryError("HTTPSConnectionPool(host='postman-echo.com', port=443): Max retries exceeded with url: /post (Caused by NewConnectionError('<urllib3.connection.HTTPSConnection object at 0x7fad5cb5f4e0>: Failed to establish a new connection: [Errno -2] Name or service not known',))",),), <traceback object at 0x7fad5cb63908>)
03/10/2021  05:03:1615412204 PM [ERROR] [post] No internet
03/10/2021  05:03:1615412207 PM [ERROR] [root] App finished!
03/10/2021  05:03:1615412321 PM [ERROR] [post] Problems? (<class 'requests.exceptions.ConnectionError'>, ConnectionError(MaxRetryError("HTTPSConnectionPool(host='postman-echo.com', port=443): Max retries exceeded with url: /post (Caused by NewConnectionError('<urllib3.connection.HTTPSConnection object at 0x7f2bffc424a8>: Failed to establish a new connection: [Errno -2] Name or service not known',))",),), <traceback object at 0x7f2bffc44908>)
03/10/2021  05:03:1615412321 PM [ERROR] [post] No internet
03/10/2021  05:03:1615412324 PM [ERROR] [root] App finished!
03/10/2021  05:03:1615412403 PM [ERROR] [post] No internet to send data
03/10/2021  05:03:1615412403 PM [ERROR] [post] No internet
03/10/2021  05:03:1615412406 PM [ERROR] [root] App finished!
03/10/2021  05:03:1615412529 PM [ERROR] [post] Connection Error!
03/10/2021  05:03:1615412529 PM [ERROR] [post] Post unsuccessful
03/10/2021  05:03:1615412547 PM [ERROR] [post] Connection Error!
03/10/2021  05:03:1615412547 PM [ERROR] [post] Post unsuccessful
03/10/2021  05:03:1615412550 PM [ERROR] [root] App finished!
03/10/2021  05:03:1615412839 PM [ERROR] [watchdog] Problems? (None, None, None)
03/10/2021  05:03:1615412839 PM [ERROR] [watchdog] Reseting script due to crashed
03/10/2021  05:03:1615413028 PM [ERROR] [root] App finished!
03/10/2021  05:03:1615413089 PM [ERROR] [root] Problems? (<class 'TypeError'>, TypeError('can only concatenate list (not "int") to list',), <traceback object at 0x7fc3dea40cc8>)
03/10/2021  05:03:1615413089 PM [ERROR] [root] Reseting script due to crashed
03/10/2021  05:03:1615413091 PM [ERROR] [root] Problems? (<class 'TypeError'>, TypeError('can only concatenate list (not "int") to list',), <traceback object at 0x7f54245c3cc8>)
03/10/2021  05:03:1615413091 PM [ERROR] [root] Reseting script due to crashed
03/10/2021  05:03:1615413280 PM [ERROR] [root] App finished!
03/10/2021  05:03:1615413314 PM [ERROR] [root] App Crashed... Restarting...
03/10/2021  05:03:1615413314 PM [ERROR] [root] Problems? (<class 'TypeError'>, TypeError("unsupported operand type(s) for +: 'int' and 'str'",), <traceback object at 0x7fe872efcd88>)
03/10/2021  05:03:1615413317 PM [ERROR] [root] App finished!
03/10/2021  05:03:1615413413 PM [ERROR] [central] Unexpected data lenght received [5, 0, 129, 3, 0, 255, 0, 120]
03/10/2021  05:03:1615413415 PM [ERROR] [root] App Crashed!
03/10/2021  05:03:1615413415 PM [ERROR] [root] Problems? (<class 'TypeError'>, TypeError("unsupported operand type(s) for +: 'int' and 'str'",), <traceback object at 0x7fa09ca62ec8>)
03/10/2021  05:03:1615413419 PM [ERROR] [root] App finished!
03/10/2021  05:03:1615413502 PM [ERROR] [central] Unexpected data lenght received [5, 0, 129, 3, 0, 255, 0, 120]
03/10/2021  05:03:1615413506 PM [ERROR] [root] App finished!
03/12/2021  03:03:1615576006 PM [ERROR] [root] App finished!
03/12/2021  03:03:1615576713 PM [ERROR] [root] Could not config LoRa
03/12/2021  03:03:1615577029 PM [ERROR] [root] Could not config LoRa
03/12/2021  03:03:1615577043 PM [ERROR] [root] Could not config LoRa
03/12/2021  03:03:1615577067 PM [ERROR] [watchdog] Problems? (None, None, None)
03/12/2021  03:03:1615577067 PM [ERROR] [watchdog] Reseting script due to timeout wdt
03/12/2021  03:03:1615577183 PM [INFO ] [root] App started
03/12/2021  03:03:1615577183 PM [INFO ] [central] This node ID: 0001 
03/12/2021  03:03:1615577183 PM [DEBUG] [central] Lora Serial Port: /dev/ttyUSB1 
03/12/2021  03:03:1615577183 PM [DEBUG] [central] Energy path: output/energy.json
03/12/2021  03:03:1615577184 PM [DEBUG] [root] Port  /dev/ttyUSB1  Available
03/12/2021  03:03:1615577184 PM [DEBUG] [central] Config frame: [1, 0, 1, 13, 165, 165, 108, 64, 18, 7, 0, 0, 1, 1, 0, 3, 0, 55]
03/12/2021  03:03:1615577189 PM [DEBUG] [central] Config Response: []
03/12/2021  03:03:1615577194 PM [INFO ] [central] Version LoRa: b''
03/12/2021  03:03:1615577194 PM [ERROR] [root] Could not config LoRa
03/12/2021  03:03:1615577200 PM [INFO ] [root] App started
03/12/2021  03:03:1615577200 PM [INFO ] [central] This node ID: 0001 
03/12/2021  03:03:1615577200 PM [DEBUG] [central] Lora Serial Port: /dev/ttyUSB1 
03/12/2021  03:03:1615577200 PM [DEBUG] [central] Energy path: output/energy.json
03/12/2021  03:03:1615577200 PM [DEBUG] [root] Port  /dev/ttyUSB1  Available
03/12/2021  03:03:1615577200 PM [DEBUG] [central] Config frame: [1, 0, 1, 13, 165, 165, 108, 64, 18, 7, 0, 0, 1, 1, 0, 3, 0, 55]
03/12/2021  03:03:1615577225 PM [INFO ] [root] App started
03/12/2021  03:03:1615577225 PM [INFO ] [central] This node ID: 0001 
03/12/2021  03:03:1615577225 PM [DEBUG] [central] Lora Serial Port: /dev/ttyUSB1 
03/12/2021  03:03:1615577225 PM [DEBUG] [central] Energy path: output/energy.json
03/12/2021  03:03:1615577225 PM [DEBUG] [root] Port  /dev/ttyUSB1  Available
03/12/2021  03:03:1615577225 PM [DEBUG] [central] Config frame: [1, 0, 1, 13, 165, 165, 108, 64, 18, 7, 0, 0, 1, 1, 0, 3, 0, 55]
03/12/2021  03:03:1615577230 PM [DEBUG] [central] Config Response: [1, 129, 8, 65, 150]
03/12/2021  03:03:1615577258 PM [INFO ] [root] App star
03/12/2021  03:03:1615577258 PM [INFO ] [central] This node ID: 0001 
03/12/2021  03:03:1615577258 PM [DEBUG] [central] Lora Serial Port: /dev/ttyUSB1 
03/12/2021  03:03:1615577258 PM [DEBUG] [central] Energy path: output/energy.json
03/12/2021  03:03:1615577259 PM [DEBUG] [root] Port  /dev/ttyUSB1  Available
03/12/2021  03:03:1615577259 PM [DEBUG] [central] Config frame: [1, 0, 1, 13, 165, 165, 108, 64, 18, 7, 0, 0, 1, 1, 0, 3, 0, 55]
03/12/2021  03:03:1615577282 PM [INFO ] [root] App started
03/12/2021  03:03:1615577282 PM [INFO ] [central] This node ID: 0001 
03/12/2021  03:03:1615577282 PM [DEBUG] [central] Lora Serial Port: /dev/ttyUSB1 
03/12/2021  03:03:1615577282 PM [DEBUG] [central] Energy path: output/energy.json
03/12/2021  03:03:1615577282 PM [DEBUG] [root] Port  /dev/ttyUSB1  Available
03/12/2021  03:03:1615577282 PM [DEBUG] [central] Config frame: [1, 0, 1, 13, 165, 165, 108, 64, 18, 7, 0, 0, 1, 1, 0, 3, 0, 55]
03/12/2021  03:03:1615577353 PM [DEBUG] [root] App started
03/12/2021  03:03:1615577353 PM [INFO ] [central] This node ID: 0001 
03/12/2021  03:03:1615577353 PM [DEBUG] [central] Lora Serial Port: /dev/ttyUSB1 
03/12/2021  03:03:1615577353 PM [DEBUG] [central] Energy path: output/energy.json
03/12/2021  03:03:1615577353 PM [DEBUG] [root] Port  /dev/ttyUSB1  Available
03/12/2021  03:03:1615577353 PM [DEBUG] [central] Config frame: [1, 0, 1, 13, 165, 165, 108, 64, 18, 7, 0, 0, 1, 1, 0, 3, 0, 55]
03/12/2021  03:03:1615577391 PM [ERROR] [root] Could not config LoRa
03/12/2021  03:03:1615577563 PM [ERROR] [root] Could not config LoRa
03/12/2021  03:03:1615577565 PM [ERROR] [central] Serial Port problem
03/12/2021  03:03:1615577581 PM [ERROR] [central] Serial Port problem
03/12/2021  03:03:1615577581 PM [ERROR] [central] Problems? (<class 'serial.serialutil.SerialException'>, SerialException('read failed: device reports readiness to read but returned no data (device disconnected or multiple access on port?)',), <traceback object at 0x7ff85bc05048>)
03/12/2021  03:03:1615577595 PM [ERROR] [central] Serial Port problem
03/12/2021  03:03:1615577595 PM [ERROR] [central] Problems? (<class 'serial.serialutil.SerialException'>, SerialException('read failed: device reports readiness to read but returned no data (device disconnected or multiple access on port?)',), <traceback object at 0x7fa758707048>)
03/12/2021  03:03:1615577619 PM [ERROR] [central] Serial Port problem
03/12/2021  03:03:1615577619 PM [ERROR] [central] Problems? (<class 'serial.serialutil.SerialException'>, SerialException('read failed: device reports readiness to read but returned no data (device disconnected or multiple access on port?)',), <traceback object at 0x7f32738373c8>)
03/12/2021  03:03:1615577648 PM [ERROR] [root] App finished!
03/12/2021  04:03:1615579450 PM [ERROR] [root] App finished!
03/19/2021  09:42:26 [ERROR] [root] Problems: could not open port  /dev/ttyUSB2 
03/19/2021  09:43:02 [ERROR] [central] Unexpected data lenght received [5, 0, 129, 3, 0, 1, 0, 134]
03/19/2021  09:43:17 [ERROR] [central] Unexpected data lenght received [5, 0, 129, 3, 0, 1, 0, 134]
03/19/2021  09:43:32 [ERROR] [central] Unexpected data lenght received [5, 0, 129, 3, 0, 1, 0, 134]
03/19/2021  09:43:47 [ERROR] [central] Unexpected data lenght received [5, 0, 129, 3, 0, 1, 0, 134]
03/19/2021  09:44:02 [ERROR] [central] Unexpected data lenght received [5, 0, 129, 3, 0, 1, 0, 134]
03/19/2021  09:44:17 [ERROR] [central] Unexpected data lenght received [5, 0, 129, 3, 0, 1, 0, 134]
03/19/2021  09:44:34 [ERROR] [central] Unexpected data lenght received [5, 0, 129, 3, 0, 1, 0, 134]
03/19/2021  09:44:37 [ERROR] [root] App finished!
03/19/2021  09:49:14 [ERROR] [central] Unexpected data lenght received [5, 0, 129, 3, 0, 1, 199, 65]
03/19/2021  09:49:15 [ERROR] [root] App finished!
03/19/2021  09:49:36 [ERROR] [root] App finished!
04/06/2021  08:58:25 [ERROR] [central] Unexpected data lenght received [5, 0, 129, 3, 0, 23, 199, 87]
04/06/2021  08:58:40 [ERROR] [central] Unexpected data lenght received [5, 0, 129, 3, 0, 23, 199, 87]
04/06/2021  08:58:55 [ERROR] [central] Unexpected data lenght received [5, 0, 129, 3, 0, 23, 199, 87]
04/06/2021  08:59:10 [ERROR] [central] Unexpected data lenght received [5, 0, 129, 3, 0, 23, 199, 87]
04/06/2021  08:59:25 [ERROR] [central] Unexpected data lenght received [5, 0, 129, 3, 0, 23, 199, 87]
04/06/2021  08:59:40 [ERROR] [central] Unexpected data lenght received [5, 0, 129, 3, 0, 23, 199, 87]
04/06/2021  08:59:56 [ERROR] [central] Unexpected data lenght received [5, 0, 129, 3, 0, 23, 199, 87]
04/06/2021  09:00:11 [ERROR] [central] Unexpected data lenght received [5, 0, 129, 3, 0, 23, 199, 87]
04/06/2021  09:00:26 [ERROR] [central] Unexpected data lenght received [5, 0, 129, 3, 0, 23, 199, 87]
04/06/2021  09:00:41 [ERROR] [central] Unexpected data lenght received [5, 0, 129, 3, 0, 23, 199, 87]
04/06/2021  09:00:56 [ERROR] [central] Unexpected data lenght received [5, 0, 129, 3, 0, 23, 199, 87]
04/06/2021  09:01:12 [ERROR] [central] Unexpected data lenght received [5, 0, 129, 3, 0, 23, 199, 87]
04/06/2021  09:01:27 [ERROR] [central] Unexpected data lenght received [5, 0, 129, 3, 0, 23, 199, 87]
04/06/2021  09:01:42 [ERROR] [central] Unexpected data lenght received [5, 0, 129, 3, 0, 23, 0, 144]
04/06/2021  09:02:25 [ERROR] [root] App finished!
04/07/2021  09:22:24 [ERROR] [central] Unexpected data lenght received [5, 0, 129, 3, 0, 23, 0, 144]
04/07/2021  09:23:47 [ERROR] [root] App finished!
04/14/2021  10:06:18 [ERROR] [root] App finished!
04/14/2021  10:11:24 [ERROR] [root] App finished!
04/14/2021  10:13:58 [ERROR] [root] App finished!
04/14/2021  10:19:31 [ERROR] [root] App finished!
04/14/2021  10:20:15 [ERROR] [root] App finished!
04/14/2021  10:20:46 [ERROR] [root] App finished!
04/14/2021  10:21:22 [ERROR] [root] App finished!
04/14/2021  10:21:53 [ERROR] [root] App finished!
04/14/2021  10:22:27 [ERROR] [root] App finished!
04/14/2021  10:23:03 [ERROR] [root] App finished!
04/14/2021  10:23:41 [ERROR] [central] Unexpected data lenght received [5, 0, 129, 3, 0, 23, 0, 144]
04/14/2021  10:24:26 [ERROR] [root] App finished!
04/14/2021  10:26:32 [ERROR] [root] App finished!
04/14/2021  10:29:30 [ERROR] [root] App finished!
04/14/2021  10:30:42 [ERROR] [root] App finished!
04/14/2021  10:31:06 [ERROR] [root] App finished!
04/14/2021  10:31:31 [ERROR] [central] Unexpected data lenght received [5, 0, 129, 3, 0, 23, 0, 144]
04/14/2021  10:31:36 [ERROR] [root] App finished!
04/14/2021  10:32:07 [ERROR] [root] App finished!
04/14/2021  10:36:26 [ERROR] [central] Unexpected data lenght received [5, 0, 129, 3, 0, 23, 0, 144]
04/14/2021  10:36:56 [ERROR] [root] App finished!
04/14/2021  10:38:28 [ERROR] [root] App finished!
04/14/2021  10:41:32 [ERROR] [root] App finished!
04/14/2021  10:45:32 [ERROR] [root] App finished!
04/14/2021  10:46:04 [ERROR] [root] App finished!
04/14/2021  10:46:21 [ERROR] [root] App finished!
04/14/2021  10:48:33 [ERROR] [central] Unexpected data lenght received [5, 0, 129, 3, 0, 23, 0, 144]
04/14/2021  10:48:51 [ERROR] [root] App finished!
04/14/2021  10:49:30 [ERROR] [root] App finished!
04/14/2021  10:51:32 [ERROR] [post] Problems? (<class 'requests.exceptions.MissingSchema'>, MissingSchema("Invalid URL 'facebook.com': No schema supplied. Perhaps you meant http://facebook.com?",), <traceback object at 0x7f934f7003c8>)
04/14/2021  10:51:32 [ERROR] [post] Post unsuccessful
04/14/2021  10:51:34 [ERROR] [root] App finished!
04/14/2021  10:52:58 [ERROR] [root] App finished!
04/14/2021  10:56:22 [ERROR] [root] App finished!
04/14/2021  11:03:51 [ERROR] [central] Unexpected data lenght received [5, 0, 129, 3, 0, 23, 0, 144]
04/14/2021  11:04:09 [ERROR] [root] App finished!
04/14/2021  11:05:20 [ERROR] [root] App finished!
04/14/2021  11:07:45 [ERROR] [root] App finished!
04/14/2021  11:08:28 [ERROR] [root] App finished!
04/14/2021  11:16:45 [ERROR] [root] App finished!
04/14/2021  11:17:20 [ERROR] [root] App finished!
04/14/2021  11:19:24 [ERROR] [central] Unexpected data lenght received [5, 0, 129, 3, 0, 23, 0, 144]
04/14/2021  11:19:39 [ERROR] [root] App finished!
04/14/2021  11:20:00 [ERROR] [root] App finished!
04/14/2021  11:20:25 [ERROR] [central] Unexpected data lenght received [5, 0, 129, 3, 0, 23, 0, 144]
04/14/2021  11:20:46 [ERROR] [root] App finished!
04/27/2021  13:50:21 [INFO ] [root] App started
04/27/2021  13:50:21 [INFO ] [central] This node ID: 0001 
04/27/2021  13:50:21 [DEBUG] [central] Lora Serial Port: /dev/ttyUSB1 
04/27/2021  13:50:21 [DEBUG] [central] Energy path: output/energy.json
04/27/2021  13:50:21 [DEBUG] [root] Port  /dev/ttyUSB1  Available
04/27/2021  13:50:21 [DEBUG] [central] Config frame: [1, 0, 1, 13, 165, 165, 108, 64, 18, 7, 0, 0, 1, 1, 0, 3, 0, 55]
04/27/2021  13:50:21 [DEBUG] [central] Config Response: [1, 0, 129, 12, 165, 165, 108, 64, 18, 7, 0, 0, 1, 1, 0, 3, 0, 182]
04/27/2021  13:50:24 [INFO ] [central] Version LoRa: b'9600   N 8 1 YL_800MN_100MW V4.2\r\n'
04/27/2021  13:50:24 [INFO ] [central] Lora Config Successfull
04/27/2021  13:50:24 [DEBUG] [files] Energy updated {'00ff01': 0, '00ff02': 0, '00ff03': 0, '00ff04': 0, '00fe00': 0, '000101': 1003, '000102': 0, '000103': 0, '000104': 0, '001701': 0, '001702': 0, '001703': 0, '001704': 0, '000201': 0, '000202': 0, '000203': 0, '000204': 0}
04/27/2021  13:50:24 [DEBUG] [files] post dic {'id': '0001', 'write_api_key': 'PYF7YMZNOM3TJVSM', 'updates': [{'meterid': '00ff01', 'energy': 0, 'date': '2021-03-19 09:49:35.909431'}, {'meterid': '00ff02', 'energy': 0, 'date': '2021-03-19 09:49:35.911469'}, {'meterid': '00ff03', 'energy': 0, 'date': '2021-03-19 09:49:35.913000'}, {'meterid': '00ff04', 'energy': 0, 'date': '2021-03-19 09:49:35.914387'}, {'meterid': '00fe00', 'energy': 0, 'date': '2021-03-19 09:50:35.914387'}, {'meterid': '001701', 'energy': 0, 'date': '2021-04-14 11:20:44.973238'}, {'meterid': '001702', 'energy': 0, 'date': '2021-04-14 11:20:44.975502'}, {'meterid': '001703', 'energy': 0, 'date': '2021-04-14 11:20:44.977495'}, {'meterid': '001704', 'energy': 0, 'date': '2021-04-14 11:20:44.979371'}, {'meterid': '000201', 'energy': 0, 'date': '2021-04-14 11:17:18.854060 -0400'}, {'meterid': '000202', 'energy': 0, 'date': '2021-04-14 11:17:18.854246 -0400'}, {'meterid': '000203', 'energy': 0, 'date': '2021-04-14 11:17:18.854402 -0400'}, {'meterid': '000204', 'energy': 0, 'date': '2021-04-14 11:17:18.854567 -0400'}]}
04/27/2021  13:50:24 [DEBUG] [files] [{'meterid': '00ff01', 'energy': 0, 'date': '2021-03-19 09:49:35.909431'}, {'meterid': '00ff02', 'energy': 0, 'date': '2021-03-19 09:49:35.911469'}, {'meterid': '00ff03', 'energy': 0, 'date': '2021-03-19 09:49:35.913000'}, {'meterid': '00ff04', 'energy': 0, 'date': '2021-03-19 09:49:35.914387'}, {'meterid': '00fe00', 'energy': 0, 'date': '2021-03-19 09:50:35.914387'}, {'meterid': '001701', 'energy': 0, 'date': '2021-04-14 11:20:44.973238'}, {'meterid': '001702', 'energy': 0, 'date': '2021-04-14 11:20:44.975502'}, {'meterid': '001703', 'energy': 0, 'date': '2021-04-14 11:20:44.977495'}, {'meterid': '001704', 'energy': 0, 'date': '2021-04-14 11:20:44.979371'}, {'meterid': '000201', 'energy': 0, 'date': '2021-04-14 11:17:18.854060 -0400'}, {'meterid': '000202', 'energy': 0, 'date': '2021-04-14 11:17:18.854246 -0400'}, {'meterid': '000203', 'energy': 0, 'date': '2021-04-14 11:17:18.854402 -0400'}, {'meterid': '000204', 'energy': 0, 'date': '2021-04-14 11:17:18.854567 -0400'}]
04/27/2021  13:50:24 [DEBUG] [files] idmeter: 001701
04/27/2021  13:50:24 [DEBUG] [files] idmeter: 001702
04/27/2021  13:50:24 [DEBUG] [files] idmeter: 001703
04/27/2021  13:50:24 [DEBUG] [files] idmeter: 001704
04/27/2021  13:50:24 [INFO ] [root] Start polling
04/27/2021  13:50:25 [INFO ] [root] Posting in 10 s
04/27/2021  13:50:25 [DEBUG] [root] slaves members: [1, 2, 3, 4]
04/27/2021  13:50:25 [INFO ] [root] Poll 1 th in LoRa 23
04/27/2021  13:50:25 [DEBUG] [central] modbus adu to send: [23, 4, 0, 1, 0, 8, 162, 250]
04/27/2021  13:50:25 [DEBUG] [central] Sending...
04/27/2021  13:50:25 [DEBUG] [central] Data sent : [5, 0, 1, 14, 0, 23, 0, 7, 1, 8, 23, 4, 0, 1, 0, 8, 162, 250, 81]
04/27/2021  13:50:25 [DEBUG] [central] receiving...
04/27/2021  13:50:26 [INFO ] [root] Posting in 9 s
04/27/2021  13:50:27 [INFO ] [root] Posting in 8 s
04/27/2021  13:50:28 [INFO ] [root] Posting in 7 s
04/27/2021  13:50:28 [ERROR] [root] App finished!
04/27/2021  13:50:43 [INFO ] [root] App started
04/27/2021  13:50:43 [INFO ] [central] This node ID: 0001 
04/27/2021  13:50:43 [DEBUG] [central] Lora Serial Port: /dev/ttyUSB1 
04/27/2021  13:50:43 [DEBUG] [central] Energy path: output/energy.json
04/27/2021  13:50:43 [DEBUG] [root] Port  /dev/ttyUSB1  Available
04/27/2021  13:50:43 [DEBUG] [central] Config frame: [1, 0, 1, 13, 165, 165, 108, 64, 18, 7, 0, 0, 1, 1, 0, 3, 0, 55]
04/27/2021  13:50:43 [DEBUG] [central] Config Response: [1, 0, 129, 12, 165, 165, 108, 64, 18, 7, 0, 0, 1, 1, 0, 3, 0, 182]
04/27/2021  13:50:46 [INFO ] [central] Version LoRa: b'9600   N 8 1 YL_800MN_100MW V4.2\r\n'
04/27/2021  13:50:46 [INFO ] [central] Lora Config Successfull
04/27/2021  13:50:46 [DEBUG] [files] Energy updated {'00ff01': 0, '00ff02': 0, '00ff03': 0, '00ff04': 0, '00fe00': 0, '000101': 1003, '000102': 0, '000103': 0, '000104': 0, '001701': 0, '001702': 0, '001703': 0, '001704': 0, '000201': 0, '000202': 0, '000203': 0, '000204': 0}
04/27/2021  13:50:46 [DEBUG] [files] post dic {'id': '0001', 'write_api_key': 'PYF7YMZNOM3TJVSM', 'updates': [{'meterid': '00ff01', 'energy': 0, 'date': '2021-03-19 09:49:35.909431'}, {'meterid': '00ff02', 'energy': 0, 'date': '2021-03-19 09:49:35.911469'}, {'meterid': '00ff03', 'energy': 0, 'date': '2021-03-19 09:49:35.913000'}, {'meterid': '00ff04', 'energy': 0, 'date': '2021-03-19 09:49:35.914387'}, {'meterid': '00fe00', 'energy': 0, 'date': '2021-03-19 09:50:35.914387'}, {'meterid': '001701', 'energy': 0, 'date': '2021-04-14 11:20:44.973238'}, {'meterid': '001702', 'energy': 0, 'date': '2021-04-14 11:20:44.975502'}, {'meterid': '001703', 'energy': 0, 'date': '2021-04-14 11:20:44.977495'}, {'meterid': '001704', 'energy': 0, 'date': '2021-04-14 11:20:44.979371'}, {'meterid': '000201', 'energy': 0, 'date': '2021-04-14 11:17:18.854060 -0400'}, {'meterid': '000202', 'energy': 0, 'date': '2021-04-14 11:17:18.854246 -0400'}, {'meterid': '000203', 'energy': 0, 'date': '2021-04-14 11:17:18.854402 -0400'}, {'meterid': '000204', 'energy': 0, 'date': '2021-04-14 11:17:18.854567 -0400'}]}
04/27/2021  13:50:46 [DEBUG] [files] [{'meterid': '00ff01', 'energy': 0, 'date': '2021-03-19 09:49:35.909431'}, {'meterid': '00ff02', 'energy': 0, 'date': '2021-03-19 09:49:35.911469'}, {'meterid': '00ff03', 'energy': 0, 'date': '2021-03-19 09:49:35.913000'}, {'meterid': '00ff04', 'energy': 0, 'date': '2021-03-19 09:49:35.914387'}, {'meterid': '00fe00', 'energy': 0, 'date': '2021-03-19 09:50:35.914387'}, {'meterid': '001701', 'energy': 0, 'date': '2021-04-14 11:20:44.973238'}, {'meterid': '001702', 'energy': 0, 'date': '2021-04-14 11:20:44.975502'}, {'meterid': '001703', 'energy': 0, 'date': '2021-04-14 11:20:44.977495'}, {'meterid': '001704', 'energy': 0, 'date': '2021-04-14 11:20:44.979371'}, {'meterid': '000201', 'energy': 0, 'date': '2021-04-14 11:17:18.854060 -0400'}, {'meterid': '000202', 'energy': 0, 'date': '2021-04-14 11:17:18.854246 -0400'}, {'meterid': '000203', 'energy': 0, 'date': '2021-04-14 11:17:18.854402 -0400'}, {'meterid': '000204', 'energy': 0, 'date': '2021-04-14 11:17:18.854567 -0400'}]
04/27/2021  13:50:46 [DEBUG] [files] idmeter: 00ff01
04/27/2021  13:50:46 [DEBUG] [files] idmeter: 00ff02
04/27/2021  13:50:46 [DEBUG] [files] idmeter: 00ff03
04/27/2021  13:50:46 [DEBUG] [files] idmeter: 00ff04
04/27/2021  13:50:46 [INFO ] [root] Start polling
04/27/2021  13:50:47 [INFO ] [root] Posting in 10 s
04/27/2021  13:50:47 [DEBUG] [root] slaves members: [1, 2, 3, 4]
04/27/2021  13:50:47 [INFO ] [root] Poll 1 th in LoRa 255
04/27/2021  13:50:47 [DEBUG] [central] modbus adu to send: [255, 4, 0, 1, 0, 8, 181, 210]
04/27/2021  13:50:47 [DEBUG] [central] Sending...
04/27/2021  13:50:47 [DEBUG] [central] Data sent : [5, 0, 1, 14, 0, 255, 0, 7, 1, 8, 255, 4, 0, 1, 0, 8, 181, 210, 110]
04/27/2021  13:50:47 [DEBUG] [central] receiving...
04/27/2021  13:50:48 [INFO ] [root] Posting in 9 s
04/27/2021  13:50:49 [INFO ] [root] Posting in 8 s
04/27/2021  13:50:50 [INFO ] [root] Posting in 7 s
04/27/2021  13:50:51 [INFO ] [root] Posting in 6 s
04/27/2021  13:50:52 [INFO ] [root] Posting in 5 s
04/27/2021  13:50:53 [INFO ] [root] Posting in 4 s
04/27/2021  13:50:54 [INFO ] [root] Posting in 3 s
04/27/2021  13:50:55 [INFO ] [root] Posting in 2 s
04/27/2021  13:50:56 [INFO ] [root] Posting in 1 s
04/27/2021  13:50:56 [INFO ] [post] Posting to Scada
04/27/2021  13:50:56 [DEBUG] [post] Data to post: {'id': '0001', 'write_api_key': 'PYF7YMZNOM3TJVSM', 'updates': [{'meterid': '00ff01', 'energy': 0, 'date': '2021-03-19 09:49:35.909431'}, {'meterid': '00ff02', 'energy': 0, 'date': '2021-03-19 09:49:35.911469'}, {'meterid': '00ff03', 'energy': 0, 'date': '2021-03-19 09:49:35.913000'}, {'meterid': '00ff04', 'energy': 0, 'date': '2021-03-19 09:49:35.914387'}, {'meterid': '00fe00', 'energy': 0, 'date': '2021-03-19 09:50:35.914387'}, {'meterid': '001701', 'energy': 0, 'date': '2021-04-14 11:20:44.973238'}, {'meterid': '001702', 'energy': 0, 'date': '2021-04-14 11:20:44.975502'}, {'meterid': '001703', 'energy': 0, 'date': '2021-04-14 11:20:44.977495'}, {'meterid': '001704', 'energy': 0, 'date': '2021-04-14 11:20:44.979371'}, {'meterid': '000201', 'energy': 0, 'date': '2021-04-14 11:17:18.854060 -0400'}, {'meterid': '000202', 'energy': 0, 'date': '2021-04-14 11:17:18.854246 -0400'}, {'meterid': '000203', 'energy': 0, 'date': '2021-04-14 11:17:18.854402 -0400'}, {'meterid': '000204', 'energy': 0, 'date': '2021-04-14 11:17:18.854567 -0400'}]}
04/27/2021  13:50:56 [DEBUG] [urllib3.connectionpool] Starting new HTTPS connection (1): postman-echo.com:443
04/27/2021  13:50:59 [DEBUG] [urllib3.connectionpool] https://postman-echo.com:443 "POST /post HTTP/1.1" 200 None
04/27/2021  13:50:59 [INFO ] [post] Status code is : 200
04/27/2021  13:50:59 [DEBUG] [post] <Response [200]>
04/27/2021  13:51:00 [INFO ] [root] Posting in 10 s
04/27/2021  13:51:01 [DEBUG] [central] received: [5, 0, 129, 3, 0, 255, 0, 120]
04/27/2021  13:51:01 [ERROR] [central] Unexpected data lenght received [5, 0, 129, 3, 0, 255, 0, 120]
04/27/2021  13:51:01 [INFO ] [root] Start polling
04/27/2021  13:51:01 [INFO ] [root] Posting in 9 s
04/27/2021  13:51:02 [DEBUG] [root] slaves members: [1, 2, 3, 4]
04/27/2021  13:51:02 [INFO ] [root] Poll 1 th in LoRa 255
04/27/2021  13:51:02 [DEBUG] [central] modbus adu to send: [255, 4, 0, 1, 0, 8, 181, 210]
04/27/2021  13:51:02 [DEBUG] [central] Sending...
04/27/2021  13:51:02 [DEBUG] [central] Data sent : [5, 0, 1, 14, 0, 255, 0, 7, 1, 8, 255, 4, 0, 1, 0, 8, 181, 210, 110]
04/27/2021  13:51:02 [DEBUG] [central] receiving...
04/27/2021  13:51:02 [INFO ] [root] Posting in 8 s
04/27/2021  13:51:03 [INFO ] [root] Posting in 7 s
04/27/2021  13:51:04 [INFO ] [root] Posting in 6 s
04/27/2021  13:51:05 [INFO ] [root] Posting in 5 s
04/27/2021  13:51:06 [INFO ] [root] Posting in 4 s
04/27/2021  13:51:07 [INFO ] [root] Posting in 3 s
04/27/2021  13:51:08 [INFO ] [root] Posting in 2 s
04/27/2021  13:51:09 [INFO ] [root] Posting in 1 s
04/27/2021  13:51:09 [INFO ] [post] Posting to Scada
04/27/2021  13:51:09 [DEBUG] [post] Data to post: {'id': '0001', 'write_api_key': 'PYF7YMZNOM3TJVSM', 'updates': [{'meterid': '00ff01', 'energy': 0, 'date': '2021-03-19 09:49:35.909431'}, {'meterid': '00ff02', 'energy': 0, 'date': '2021-03-19 09:49:35.911469'}, {'meterid': '00ff03', 'energy': 0, 'date': '2021-03-19 09:49:35.913000'}, {'meterid': '00ff04', 'energy': 0, 'date': '2021-03-19 09:49:35.914387'}, {'meterid': '00fe00', 'energy': 0, 'date': '2021-03-19 09:50:35.914387'}, {'meterid': '001701', 'energy': 0, 'date': '2021-04-14 11:20:44.973238'}, {'meterid': '001702', 'energy': 0, 'date': '2021-04-14 11:20:44.975502'}, {'meterid': '001703', 'energy': 0, 'date': '2021-04-14 11:20:44.977495'}, {'meterid': '001704', 'energy': 0, 'date': '2021-04-14 11:20:44.979371'}, {'meterid': '000201', 'energy': 0, 'date': '2021-04-14 11:17:18.854060 -0400'}, {'meterid': '000202', 'energy': 0, 'date': '2021-04-14 11:17:18.854246 -0400'}, {'meterid': '000203', 'energy': 0, 'date': '2021-04-14 11:17:18.854402 -0400'}, {'meterid': '000204', 'energy': 0, 'date': '2021-04-14 11:17:18.854567 -0400'}]}
04/27/2021  13:51:09 [DEBUG] [urllib3.connectionpool] Starting new HTTPS connection (1): postman-echo.com:443
04/27/2021  13:51:11 [DEBUG] [urllib3.connectionpool] https://postman-echo.com:443 "POST /post HTTP/1.1" 200 None
04/27/2021  13:51:11 [INFO ] [post] Status code is : 200
04/27/2021  13:51:11 [DEBUG] [post] <Response [200]>
04/27/2021  13:51:12 [INFO ] [root] Posting in 10 s
04/27/2021  13:51:13 [INFO ] [root] Posting in 9 s
04/27/2021  13:51:14 [INFO ] [root] Posting in 8 s
04/27/2021  13:51:15 [INFO ] [root] Posting in 7 s
04/27/2021  13:51:16 [INFO ] [root] Posting in 6 s
04/27/2021  13:51:16 [DEBUG] [central] received: [5, 0, 129, 3, 0, 255, 0, 120, 5, 0, 130, 4, 0, 255, 54, 0, 74]
04/27/2021  13:51:16 [ERROR] [central] Unexpected data lenght received [5, 0, 129, 3, 0, 255, 0, 120, 5, 0, 130, 4, 0, 255, 54, 0, 74]
04/27/2021  13:51:16 [INFO ] [root] Start polling
04/27/2021  13:51:17 [INFO ] [root] Posting in 5 s
04/27/2021  13:51:17 [DEBUG] [root] slaves members: [1, 2, 3, 4]
04/27/2021  13:51:17 [INFO ] [root] Poll 1 th in LoRa 255
04/27/2021  13:51:17 [DEBUG] [central] modbus adu to send: [255, 4, 0, 1, 0, 8, 181, 210]
04/27/2021  13:51:17 [DEBUG] [central] Sending...
04/27/2021  13:51:17 [DEBUG] [central] Data sent : [5, 0, 1, 14, 0, 255, 0, 7, 1, 8, 255, 4, 0, 1, 0, 8, 181, 210, 110]
04/27/2021  13:51:17 [DEBUG] [central] receiving...
04/27/2021  13:51:18 [INFO ] [root] Posting in 4 s
04/27/2021  13:51:19 [INFO ] [root] Posting in 3 s
04/27/2021  13:51:20 [INFO ] [root] Posting in 2 s
04/27/2021  13:51:21 [INFO ] [root] Posting in 1 s
04/27/2021  13:51:21 [INFO ] [post] Posting to Scada
04/27/2021  13:51:21 [DEBUG] [post] Data to post: {'id': '0001', 'write_api_key': 'PYF7YMZNOM3TJVSM', 'updates': [{'meterid': '00ff01', 'energy': 0, 'date': '2021-03-19 09:49:35.909431'}, {'meterid': '00ff02', 'energy': 0, 'date': '2021-03-19 09:49:35.911469'}, {'meterid': '00ff03', 'energy': 0, 'date': '2021-03-19 09:49:35.913000'}, {'meterid': '00ff04', 'energy': 0, 'date': '2021-03-19 09:49:35.914387'}, {'meterid': '00fe00', 'energy': 0, 'date': '2021-03-19 09:50:35.914387'}, {'meterid': '001701', 'energy': 0, 'date': '2021-04-14 11:20:44.973238'}, {'meterid': '001702', 'energy': 0, 'date': '2021-04-14 11:20:44.975502'}, {'meterid': '001703', 'energy': 0, 'date': '2021-04-14 11:20:44.977495'}, {'meterid': '001704', 'energy': 0, 'date': '2021-04-14 11:20:44.979371'}, {'meterid': '000201', 'energy': 0, 'date': '2021-04-14 11:17:18.854060 -0400'}, {'meterid': '000202', 'energy': 0, 'date': '2021-04-14 11:17:18.854246 -0400'}, {'meterid': '000203', 'energy': 0, 'date': '2021-04-14 11:17:18.854402 -0400'}, {'meterid': '000204', 'energy': 0, 'date': '2021-04-14 11:17:18.854567 -0400'}]}
04/27/2021  13:51:21 [DEBUG] [urllib3.connectionpool] Starting new HTTPS connection (1): postman-echo.com:443
04/27/2021  13:51:22 [DEBUG] [urllib3.connectionpool] https://postman-echo.com:443 "POST /post HTTP/1.1" 200 None
04/27/2021  13:51:22 [INFO ] [post] Status code is : 200
04/27/2021  13:51:22 [DEBUG] [post] <Response [200]>
04/27/2021  13:51:23 [INFO ] [root] Posting in 10 s
04/27/2021  13:51:24 [INFO ] [root] Posting in 9 s
04/27/2021  13:51:25 [INFO ] [root] Posting in 8 s
04/27/2021  13:51:26 [INFO ] [root] Posting in 7 s
04/27/2021  13:51:27 [INFO ] [root] Posting in 6 s
04/27/2021  13:51:28 [INFO ] [root] Posting in 5 s
04/27/2021  13:51:29 [INFO ] [root] Posting in 4 s
04/27/2021  13:51:30 [INFO ] [root] Posting in 3 s
04/27/2021  13:51:31 [INFO ] [root] Posting in 2 s
04/27/2021  13:51:31 [DEBUG] [central] received: [5, 0, 129, 3, 0, 255, 0, 120, 5, 0, 130, 4, 0, 255, 54, 0, 74]
04/27/2021  13:51:31 [ERROR] [central] Unexpected data lenght received [5, 0, 129, 3, 0, 255, 0, 120, 5, 0, 130, 4, 0, 255, 54, 0, 74]
04/27/2021  13:51:31 [INFO ] [root] Start polling
04/27/2021  13:51:32 [INFO ] [root] Posting in 1 s
04/27/2021  13:51:32 [INFO ] [post] Posting to Scada
04/27/2021  13:51:32 [DEBUG] [post] Data to post: {'id': '0001', 'write_api_key': 'PYF7YMZNOM3TJVSM', 'updates': [{'meterid': '00ff01', 'energy': 0, 'date': '2021-03-19 09:49:35.909431'}, {'meterid': '00ff02', 'energy': 0, 'date': '2021-03-19 09:49:35.911469'}, {'meterid': '00ff03', 'energy': 0, 'date': '2021-03-19 09:49:35.913000'}, {'meterid': '00ff04', 'energy': 0, 'date': '2021-03-19 09:49:35.914387'}, {'meterid': '00fe00', 'energy': 0, 'date': '2021-03-19 09:50:35.914387'}, {'meterid': '001701', 'energy': 0, 'date': '2021-04-14 11:20:44.973238'}, {'meterid': '001702', 'energy': 0, 'date': '2021-04-14 11:20:44.975502'}, {'meterid': '001703', 'energy': 0, 'date': '2021-04-14 11:20:44.977495'}, {'meterid': '001704', 'energy': 0, 'date': '2021-04-14 11:20:44.979371'}, {'meterid': '000201', 'energy': 0, 'date': '2021-04-14 11:17:18.854060 -0400'}, {'meterid': '000202', 'energy': 0, 'date': '2021-04-14 11:17:18.854246 -0400'}, {'meterid': '000203', 'energy': 0, 'date': '2021-04-14 11:17:18.854402 -0400'}, {'meterid': '000204', 'energy': 0, 'date': '2021-04-14 11:17:18.854567 -0400'}]}
04/27/2021  13:51:32 [DEBUG] [urllib3.connectionpool] Starting new HTTPS connection (1): postman-echo.com:443
04/27/2021  13:51:32 [DEBUG] [root] slaves members: [1, 2, 3, 4]
04/27/2021  13:51:32 [INFO ] [root] Poll 1 th in LoRa 255
04/27/2021  13:51:32 [DEBUG] [central] modbus adu to send: [255, 4, 0, 1, 0, 8, 181, 210]
04/27/2021  13:51:32 [DEBUG] [central] Sending...
04/27/2021  13:51:32 [DEBUG] [central] Data sent : [5, 0, 1, 14, 0, 255, 0, 7, 1, 8, 255, 4, 0, 1, 0, 8, 181, 210, 110]
04/27/2021  13:51:32 [DEBUG] [central] receiving...
04/27/2021  13:51:33 [DEBUG] [urllib3.connectionpool] https://postman-echo.com:443 "POST /post HTTP/1.1" 200 None
04/27/2021  13:51:33 [INFO ] [post] Status code is : 200
04/27/2021  13:51:33 [DEBUG] [post] <Response [200]>
04/27/2021  13:51:34 [INFO ] [root] Posting in 10 s
04/27/2021  13:51:35 [INFO ] [root] Posting in 9 s
04/27/2021  13:51:36 [INFO ] [root] Posting in 8 s
04/27/2021  13:51:37 [INFO ] [root] Posting in 7 s
04/27/2021  13:51:38 [INFO ] [root] Posting in 6 s
04/27/2021  13:51:39 [INFO ] [root] Posting in 5 s
04/27/2021  13:51:40 [INFO ] [root] Posting in 4 s
04/27/2021  13:51:41 [INFO ] [root] Posting in 3 s
04/27/2021  13:51:42 [ERROR] [root] App finished!
04/27/2021  13:51:43 [INFO ] [root] App started
04/27/2021  13:51:43 [INFO ] [central] This node ID: 0001 
04/27/2021  13:51:43 [DEBUG] [central] Lora Serial Port: /dev/ttyUSB1 
04/27/2021  13:51:43 [DEBUG] [central] Energy path: output/energy.json
04/27/2021  13:51:43 [DEBUG] [root] Port  /dev/ttyUSB1  Available
04/27/2021  13:51:43 [DEBUG] [central] Config frame: [1, 0, 1, 13, 165, 165, 108, 64, 18, 7, 0, 0, 1, 1, 0, 3, 0, 55]
04/27/2021  13:51:43 [DEBUG] [central] Config Response: [1, 0, 129, 12, 165, 165, 108, 64, 18, 7, 0, 0, 1, 1, 0, 3, 0, 182]
04/27/2021  13:51:46 [INFO ] [central] Version LoRa: b'9600   N 8 1 YL_800MN_100MW V4.2\r\n'
04/27/2021  13:51:46 [INFO ] [central] Lora Config Successfull
04/27/2021  13:51:46 [DEBUG] [files] Energy updated {'00ff01': 0, '00ff02': 0, '00ff03': 0, '00ff04': 0, '00fe00': 0, '000101': 1003, '000102': 0, '000103': 0, '000104': 0, '001701': 0, '001702': 0, '001703': 0, '001704': 0, '000201': 0, '000202': 0, '000203': 0, '000204': 0}
04/27/2021  13:51:46 [DEBUG] [files] post dic {'id': '0001', 'write_api_key': 'PYF7YMZNOM3TJVSM', 'updates': [{'meterid': '00ff01', 'energy': 0, 'date': '2021-03-19 09:49:35.909431'}, {'meterid': '00ff02', 'energy': 0, 'date': '2021-03-19 09:49:35.911469'}, {'meterid': '00ff03', 'energy': 0, 'date': '2021-03-19 09:49:35.913000'}, {'meterid': '00ff04', 'energy': 0, 'date': '2021-03-19 09:49:35.914387'}, {'meterid': '00fe00', 'energy': 0, 'date': '2021-03-19 09:50:35.914387'}, {'meterid': '001701', 'energy': 0, 'date': '2021-04-14 11:20:44.973238'}, {'meterid': '001702', 'energy': 0, 'date': '2021-04-14 11:20:44.975502'}, {'meterid': '001703', 'energy': 0, 'date': '2021-04-14 11:20:44.977495'}, {'meterid': '001704', 'energy': 0, 'date': '2021-04-14 11:20:44.979371'}, {'meterid': '000201', 'energy': 0, 'date': '2021-04-14 11:17:18.854060 -0400'}, {'meterid': '000202', 'energy': 0, 'date': '2021-04-14 11:17:18.854246 -0400'}, {'meterid': '000203', 'energy': 0, 'date': '2021-04-14 11:17:18.854402 -0400'}, {'meterid': '000204', 'energy': 0, 'date': '2021-04-14 11:17:18.854567 -0400'}]}
04/27/2021  13:51:46 [DEBUG] [files] [{'meterid': '00ff01', 'energy': 0, 'date': '2021-03-19 09:49:35.909431'}, {'meterid': '00ff02', 'energy': 0, 'date': '2021-03-19 09:49:35.911469'}, {'meterid': '00ff03', 'energy': 0, 'date': '2021-03-19 09:49:35.913000'}, {'meterid': '00ff04', 'energy': 0, 'date': '2021-03-19 09:49:35.914387'}, {'meterid': '00fe00', 'energy': 0, 'date': '2021-03-19 09:50:35.914387'}, {'meterid': '001701', 'energy': 0, 'date': '2021-04-14 11:20:44.973238'}, {'meterid': '001702', 'energy': 0, 'date': '2021-04-14 11:20:44.975502'}, {'meterid': '001703', 'energy': 0, 'date': '2021-04-14 11:20:44.977495'}, {'meterid': '001704', 'energy': 0, 'date': '2021-04-14 11:20:44.979371'}, {'meterid': '000201', 'energy': 0, 'date': '2021-04-14 11:17:18.854060 -0400'}, {'meterid': '000202', 'energy': 0, 'date': '2021-04-14 11:17:18.854246 -0400'}, {'meterid': '000203', 'energy': 0, 'date': '2021-04-14 11:17:18.854402 -0400'}, {'meterid': '000204', 'energy': 0, 'date': '2021-04-14 11:17:18.854567 -0400'}]
04/27/2021  13:51:46 [DEBUG] [files] idmeter: 00ff01
04/27/2021  13:51:46 [DEBUG] [files] idmeter: 00ff02
04/27/2021  13:51:46 [DEBUG] [files] idmeter: 00ff03
04/27/2021  13:51:46 [DEBUG] [files] idmeter: 00ff04
04/27/2021  13:51:46 [INFO ] [root] Start polling
04/27/2021  13:51:47 [INFO ] [root] Posting in 10 s
04/27/2021  13:51:47 [DEBUG] [root] slaves members: [1, 2, 3, 4]
04/27/2021  13:51:47 [INFO ] [root] Poll 1 th in LoRa 255
04/27/2021  13:51:47 [DEBUG] [central] modbus adu to send: [255, 4, 0, 1, 0, 8, 181, 210]
04/27/2021  13:51:47 [DEBUG] [cipher] Encrypting using CFB
04/27/2021  13:51:47 [DEBUG] [cipher] message : b'\xff\x04\x00\x01\x00\x08\xb5\xd2'
04/27/2021  13:51:47 [DEBUG] [cipher] ciphertext: [151, 122, 96, 122, 38, 119, 5, 108]
04/27/2021  13:51:47 [DEBUG] [central] Sending...
04/27/2021  13:51:47 [DEBUG] [central] Data sent : [5, 0, 1, 14, 0, 255, 0, 7, 1, 8, 151, 122, 96, 122, 38, 119, 5, 108, 52]
04/27/2021  13:51:47 [DEBUG] [central] receiving...
04/27/2021  13:51:48 [INFO ] [root] Posting in 9 s
04/27/2021  13:51:49 [INFO ] [root] Posting in 8 s
04/27/2021  13:51:49 [DEBUG] [central] received: [5, 0, 129, 3, 0, 255, 0, 120, 5, 0, 130, 25, 0, 255, 52, 21, 151, 122, 112, 205, 18, 180, 141, 48, 245, 69, 157, 63, 100, 189, 83, 104, 168, 27, 218, 70, 78, 154]
04/27/2021  13:51:49 [DEBUG] [cipher] Decrypting using CFB
04/27/2021  13:51:49 [DEBUG] [cipher] ciphertext received : [151, 122, 112, 205, 18, 180, 141, 48, 245, 69, 157, 63, 100, 189, 83, 104, 168, 27, 218, 70, 78]
04/27/2021  13:51:49 [DEBUG] [cipher] message received: [255, 4, 16, 0, 0, 0, 0, 0, 0, 0, 0, 0, 0, 0, 0, 0, 0, 0, 0, 76, 208]
04/27/2021  13:51:49 [INFO ] [central] modbus correct
04/27/2021  13:51:49 [DEBUG] [central] [255, 4, 16, 0, 0, 0, 0, 0, 0, 0, 0, 0, 0, 0, 0, 0, 0, 0, 0, 76, 208]
04/27/2021  13:51:49 [DEBUG] [central] 4
04/27/2021  13:51:49 [DEBUG] [central] data: [0, 0, 0, 0]
04/27/2021  13:51:49 [INFO ] [files] Updated 00ff01: 0 at 2021-04-27 13:51:49.728682
04/27/2021  13:51:49 [DEBUG] [files] updated  {'meterid': '00ff01', 'energy': 0, 'date': '2021-04-27 13:51:49.729715'}
04/27/2021  13:51:49 [INFO ] [files] Updated 00ff02: 0 at 2021-04-27 13:51:49.730756
04/27/2021  13:51:49 [DEBUG] [files] updated  {'meterid': '00ff02', 'energy': 0, 'date': '2021-04-27 13:51:49.731577'}
04/27/2021  13:51:49 [INFO ] [files] Updated 00ff03: 0 at 2021-04-27 13:51:49.732774
04/27/2021  13:51:49 [DEBUG] [files] updated  {'meterid': '00ff03', 'energy': 0, 'date': '2021-04-27 13:51:49.733567'}
04/27/2021  13:51:49 [INFO ] [files] Updated 00ff04: 0 at 2021-04-27 13:51:49.734359
04/27/2021  13:51:49 [DEBUG] [files] updated  {'meterid': '00ff04', 'energy': 0, 'date': '2021-04-27 13:51:49.734874'}
04/27/2021  13:51:49 [INFO ] [root] Start polling
04/27/2021  13:51:50 [INFO ] [root] Posting in 7 s
04/27/2021  13:51:50 [DEBUG] [root] slaves members: [1, 2, 3, 4]
04/27/2021  13:51:50 [INFO ] [root] Poll 1 th in LoRa 255
04/27/2021  13:51:50 [DEBUG] [central] modbus adu to send: [255, 4, 0, 1, 0, 8, 181, 210]
04/27/2021  13:51:50 [DEBUG] [cipher] Encrypting using CFB
04/27/2021  13:51:50 [DEBUG] [cipher] message : b'\xff\x04\x00\x01\x00\x08\xb5\xd2'
04/27/2021  13:51:50 [DEBUG] [cipher] ciphertext: [151, 122, 96, 122, 38, 119, 5, 108]
04/27/2021  13:51:50 [DEBUG] [central] Sending...
04/27/2021  13:51:50 [DEBUG] [central] Data sent : [5, 0, 1, 14, 0, 255, 0, 7, 1, 8, 151, 122, 96, 122, 38, 119, 5, 108, 52]
04/27/2021  13:51:50 [DEBUG] [central] receiving...
04/27/2021  13:51:51 [DEBUG] [central] received: [5, 0, 129, 3, 0, 255, 0, 120, 5, 0, 130, 25, 0, 255, 52, 21, 151, 122, 112, 205, 18, 180, 141, 48, 245, 69, 157, 63, 100, 189, 83, 104, 168, 27, 218, 70, 78, 154]
04/27/2021  13:51:51 [DEBUG] [cipher] Decrypting using CFB
04/27/2021  13:51:51 [DEBUG] [cipher] ciphertext received : [151, 122, 112, 205, 18, 180, 141, 48, 245, 69, 157, 63, 100, 189, 83, 104, 168, 27, 218, 70, 78]
04/27/2021  13:51:51 [DEBUG] [cipher] message received: [255, 4, 16, 0, 0, 0, 0, 0, 0, 0, 0, 0, 0, 0, 0, 0, 0, 0, 0, 76, 208]
04/27/2021  13:51:51 [INFO ] [central] modbus correct
04/27/2021  13:51:51 [DEBUG] [central] [255, 4, 16, 0, 0, 0, 0, 0, 0, 0, 0, 0, 0, 0, 0, 0, 0, 0, 0, 76, 208]
04/27/2021  13:51:51 [DEBUG] [central] 4
04/27/2021  13:51:51 [DEBUG] [central] data: [0, 0, 0, 0]
04/27/2021  13:51:51 [INFO ] [files] Updated 00ff01: 0 at 2021-04-27 13:51:51.198607
04/27/2021  13:51:51 [DEBUG] [files] updated  {'meterid': '00ff01', 'energy': 0, 'date': '2021-04-27 13:51:51.199508'}
04/27/2021  13:51:51 [INFO ] [files] Updated 00ff02: 0 at 2021-04-27 13:51:51.200602
04/27/2021  13:51:51 [DEBUG] [files] updated  {'meterid': '00ff02', 'energy': 0, 'date': '2021-04-27 13:51:51.201330'}
04/27/2021  13:51:51 [INFO ] [files] Updated 00ff03: 0 at 2021-04-27 13:51:51.202159
04/27/2021  13:51:51 [DEBUG] [files] updated  {'meterid': '00ff03', 'energy': 0, 'date': '2021-04-27 13:51:51.202494'}
04/27/2021  13:51:51 [INFO ] [files] Updated 00ff04: 0 at 2021-04-27 13:51:51.202965
04/27/2021  13:51:51 [DEBUG] [files] updated  {'meterid': '00ff04', 'energy': 0, 'date': '2021-04-27 13:51:51.203288'}
04/27/2021  13:51:51 [INFO ] [root] Start polling
04/27/2021  13:51:51 [INFO ] [root] Posting in 6 s
04/27/2021  13:51:52 [DEBUG] [root] slaves members: [1, 2, 3, 4]
04/27/2021  13:51:52 [INFO ] [root] Poll 1 th in LoRa 255
04/27/2021  13:51:52 [DEBUG] [central] modbus adu to send: [255, 4, 0, 1, 0, 8, 181, 210]
04/27/2021  13:51:52 [DEBUG] [cipher] Encrypting using CFB
04/27/2021  13:51:52 [DEBUG] [cipher] message : b'\xff\x04\x00\x01\x00\x08\xb5\xd2'
04/27/2021  13:51:52 [DEBUG] [cipher] ciphertext: [151, 122, 96, 122, 38, 119, 5, 108]
04/27/2021  13:51:52 [DEBUG] [central] Sending...
04/27/2021  13:51:52 [DEBUG] [central] Data sent : [5, 0, 1, 14, 0, 255, 0, 7, 1, 8, 151, 122, 96, 122, 38, 119, 5, 108, 52]
04/27/2021  13:51:52 [DEBUG] [central] receiving...
04/27/2021  13:51:52 [INFO ] [root] Posting in 5 s
04/27/2021  13:51:52 [DEBUG] [central] received: [5, 0, 129, 3, 0, 255, 0, 120, 5, 0, 130, 25, 0, 255, 52, 21, 151, 122, 112, 205, 18, 180, 141, 48, 245, 69, 157, 63, 100, 189, 83, 104, 168, 27, 218, 70, 78, 154]
04/27/2021  13:51:52 [DEBUG] [cipher] Decrypting using CFB
04/27/2021  13:51:52 [DEBUG] [cipher] ciphertext received : [151, 122, 112, 205, 18, 180, 141, 48, 245, 69, 157, 63, 100, 189, 83, 104, 168, 27, 218, 70, 78]
04/27/2021  13:51:52 [DEBUG] [cipher] message received: [255, 4, 16, 0, 0, 0, 0, 0, 0, 0, 0, 0, 0, 0, 0, 0, 0, 0, 0, 76, 208]
04/27/2021  13:51:52 [INFO ] [central] modbus correct
04/27/2021  13:51:52 [DEBUG] [central] [255, 4, 16, 0, 0, 0, 0, 0, 0, 0, 0, 0, 0, 0, 0, 0, 0, 0, 0, 76, 208]
04/27/2021  13:51:52 [DEBUG] [central] 4
04/27/2021  13:51:52 [DEBUG] [central] data: [0, 0, 0, 0]
04/27/2021  13:51:52 [INFO ] [files] Updated 00ff01: 0 at 2021-04-27 13:51:52.657493
04/27/2021  13:51:52 [DEBUG] [files] updated  {'meterid': '00ff01', 'energy': 0, 'date': '2021-04-27 13:51:52.658662'}
04/27/2021  13:51:52 [INFO ] [files] Updated 00ff02: 0 at 2021-04-27 13:51:52.659867
04/27/2021  13:51:52 [DEBUG] [files] updated  {'meterid': '00ff02', 'energy': 0, 'date': '2021-04-27 13:51:52.660660'}
04/27/2021  13:51:52 [INFO ] [files] Updated 00ff03: 0 at 2021-04-27 13:51:52.661526
04/27/2021  13:51:52 [DEBUG] [files] updated  {'meterid': '00ff03', 'energy': 0, 'date': '2021-04-27 13:51:52.662155'}
04/27/2021  13:51:52 [INFO ] [files] Updated 00ff04: 0 at 2021-04-27 13:51:52.662588
04/27/2021  13:51:52 [DEBUG] [files] updated  {'meterid': '00ff04', 'energy': 0, 'date': '2021-04-27 13:51:52.662914'}
04/27/2021  13:51:52 [INFO ] [root] Start polling
04/27/2021  13:51:53 [INFO ] [root] Posting in 4 s
04/27/2021  13:51:53 [DEBUG] [root] slaves members: [1, 2, 3, 4]
04/27/2021  13:51:53 [INFO ] [root] Poll 1 th in LoRa 255
04/27/2021  13:51:53 [DEBUG] [central] modbus adu to send: [255, 4, 0, 1, 0, 8, 181, 210]
04/27/2021  13:51:53 [DEBUG] [cipher] Encrypting using CFB
04/27/2021  13:51:53 [DEBUG] [cipher] message : b'\xff\x04\x00\x01\x00\x08\xb5\xd2'
04/27/2021  13:51:53 [DEBUG] [cipher] ciphertext: [151, 122, 96, 122, 38, 119, 5, 108]
04/27/2021  13:51:53 [DEBUG] [central] Sending...
04/27/2021  13:51:53 [DEBUG] [central] Data sent : [5, 0, 1, 14, 0, 255, 0, 7, 1, 8, 151, 122, 96, 122, 38, 119, 5, 108, 52]
04/27/2021  13:51:53 [DEBUG] [central] receiving...
04/27/2021  13:51:54 [DEBUG] [central] received: [5, 0, 129, 3, 0, 255, 0, 120, 5, 0, 130, 25, 0, 255, 52, 21, 151, 122, 112, 205, 18, 180, 141, 48, 245, 69, 157, 63, 100, 189, 83, 104, 168, 27, 218, 70, 78, 154]
04/27/2021  13:51:54 [DEBUG] [cipher] Decrypting using CFB
04/27/2021  13:51:54 [DEBUG] [cipher] ciphertext received : [151, 122, 112, 205, 18, 180, 141, 48, 245, 69, 157, 63, 100, 189, 83, 104, 168, 27, 218, 70, 78]
04/27/2021  13:51:54 [DEBUG] [cipher] message received: [255, 4, 16, 0, 0, 0, 0, 0, 0, 0, 0, 0, 0, 0, 0, 0, 0, 0, 0, 76, 208]
04/27/2021  13:51:54 [INFO ] [central] modbus correct
04/27/2021  13:51:54 [DEBUG] [central] [255, 4, 16, 0, 0, 0, 0, 0, 0, 0, 0, 0, 0, 0, 0, 0, 0, 0, 0, 76, 208]
04/27/2021  13:51:54 [DEBUG] [central] 4
04/27/2021  13:51:54 [DEBUG] [central] data: [0, 0, 0, 0]
04/27/2021  13:51:54 [INFO ] [files] Updated 00ff01: 0 at 2021-04-27 13:51:54.117263
04/27/2021  13:51:54 [DEBUG] [files] updated  {'meterid': '00ff01', 'energy': 0, 'date': '2021-04-27 13:51:54.118264'}
04/27/2021  13:51:54 [INFO ] [files] Updated 00ff02: 0 at 2021-04-27 13:51:54.119393
04/27/2021  13:51:54 [DEBUG] [files] updated  {'meterid': '00ff02', 'energy': 0, 'date': '2021-04-27 13:51:54.120164'}
04/27/2021  13:51:54 [INFO ] [files] Updated 00ff03: 0 at 2021-04-27 13:51:54.121200
04/27/2021  13:51:54 [DEBUG] [files] updated  {'meterid': '00ff03', 'energy': 0, 'date': '2021-04-27 13:51:54.121955'}
04/27/2021  13:51:54 [INFO ] [files] Updated 00ff04: 0 at 2021-04-27 13:51:54.122391
04/27/2021  13:51:54 [DEBUG] [files] updated  {'meterid': '00ff04', 'energy': 0, 'date': '2021-04-27 13:51:54.122803'}
04/27/2021  13:51:54 [INFO ] [root] Start polling
04/27/2021  13:51:54 [INFO ] [root] Posting in 3 s
04/27/2021  13:51:55 [DEBUG] [root] slaves members: [1, 2, 3, 4]
04/27/2021  13:51:55 [INFO ] [root] Poll 1 th in LoRa 255
04/27/2021  13:51:55 [DEBUG] [central] modbus adu to send: [255, 4, 0, 1, 0, 8, 181, 210]
04/27/2021  13:51:55 [DEBUG] [cipher] Encrypting using CFB
04/27/2021  13:51:55 [DEBUG] [cipher] message : b'\xff\x04\x00\x01\x00\x08\xb5\xd2'
04/27/2021  13:51:55 [DEBUG] [cipher] ciphertext: [151, 122, 96, 122, 38, 119, 5, 108]
04/27/2021  13:51:55 [DEBUG] [central] Sending...
04/27/2021  13:51:55 [DEBUG] [central] Data sent : [5, 0, 1, 14, 0, 255, 0, 7, 1, 8, 151, 122, 96, 122, 38, 119, 5, 108, 52]
04/27/2021  13:51:55 [DEBUG] [central] receiving...
04/27/2021  13:51:55 [INFO ] [root] Posting in 2 s
04/27/2021  13:51:55 [DEBUG] [central] received: [5, 0, 129, 3, 0, 255, 0, 120, 5, 0, 130, 25, 0, 255, 53, 21, 151, 122, 112, 205, 18, 180, 141, 48, 245, 69, 157, 63, 100, 189, 83, 104, 168, 27, 218, 70, 78, 155]
04/27/2021  13:51:55 [DEBUG] [cipher] Decrypting using CFB
04/27/2021  13:51:55 [DEBUG] [cipher] ciphertext received : [151, 122, 112, 205, 18, 180, 141, 48, 245, 69, 157, 63, 100, 189, 83, 104, 168, 27, 218, 70, 78]
04/27/2021  13:51:55 [DEBUG] [cipher] message received: [255, 4, 16, 0, 0, 0, 0, 0, 0, 0, 0, 0, 0, 0, 0, 0, 0, 0, 0, 76, 208]
04/27/2021  13:51:55 [INFO ] [central] modbus correct
04/27/2021  13:51:55 [DEBUG] [central] [255, 4, 16, 0, 0, 0, 0, 0, 0, 0, 0, 0, 0, 0, 0, 0, 0, 0, 0, 76, 208]
04/27/2021  13:51:55 [DEBUG] [central] 4
04/27/2021  13:51:55 [DEBUG] [central] data: [0, 0, 0, 0]
04/27/2021  13:51:55 [INFO ] [files] Updated 00ff01: 0 at 2021-04-27 13:51:55.585651
04/27/2021  13:51:55 [DEBUG] [files] updated  {'meterid': '00ff01', 'energy': 0, 'date': '2021-04-27 13:51:55.586476'}
04/27/2021  13:51:55 [INFO ] [files] Updated 00ff02: 0 at 2021-04-27 13:51:55.587569
04/27/2021  13:51:55 [DEBUG] [files] updated  {'meterid': '00ff02', 'energy': 0, 'date': '2021-04-27 13:51:55.588170'}
04/27/2021  13:51:55 [INFO ] [files] Updated 00ff03: 0 at 2021-04-27 13:51:55.589114
04/27/2021  13:51:55 [DEBUG] [files] updated  {'meterid': '00ff03', 'energy': 0, 'date': '2021-04-27 13:51:55.589718'}
04/27/2021  13:51:55 [INFO ] [files] Updated 00ff04: 0 at 2021-04-27 13:51:55.590574
04/27/2021  13:51:55 [DEBUG] [files] updated  {'meterid': '00ff04', 'energy': 0, 'date': '2021-04-27 13:51:55.591166'}
04/27/2021  13:51:55 [INFO ] [root] Start polling
04/27/2021  13:51:56 [INFO ] [root] Posting in 1 s
04/27/2021  13:51:56 [INFO ] [post] Posting to Scada
04/27/2021  13:51:56 [DEBUG] [post] Data to post: {'id': '0001', 'write_api_key': 'PYF7YMZNOM3TJVSM', 'updates': [{'meterid': '00ff01', 'energy': 0, 'date': '2021-04-27 13:51:55.586476'}, {'meterid': '00ff02', 'energy': 0, 'date': '2021-04-27 13:51:55.588170'}, {'meterid': '00ff03', 'energy': 0, 'date': '2021-04-27 13:51:55.589718'}, {'meterid': '00ff04', 'energy': 0, 'date': '2021-04-27 13:51:55.591166'}, {'meterid': '00fe00', 'energy': 0, 'date': '2021-03-19 09:50:35.914387'}, {'meterid': '001701', 'energy': 0, 'date': '2021-04-14 11:20:44.973238'}, {'meterid': '001702', 'energy': 0, 'date': '2021-04-14 11:20:44.975502'}, {'meterid': '001703', 'energy': 0, 'date': '2021-04-14 11:20:44.977495'}, {'meterid': '001704', 'energy': 0, 'date': '2021-04-14 11:20:44.979371'}, {'meterid': '000201', 'energy': 0, 'date': '2021-04-14 11:17:18.854060 -0400'}, {'meterid': '000202', 'energy': 0, 'date': '2021-04-14 11:17:18.854246 -0400'}, {'meterid': '000203', 'energy': 0, 'date': '2021-04-14 11:17:18.854402 -0400'}, {'meterid': '000204', 'energy': 0, 'date': '2021-04-14 11:17:18.854567 -0400'}]}
04/27/2021  13:51:56 [DEBUG] [urllib3.connectionpool] Starting new HTTPS connection (1): postman-echo.com:443
04/27/2021  13:51:56 [DEBUG] [root] slaves members: [1, 2, 3, 4]
04/27/2021  13:51:56 [INFO ] [root] Poll 1 th in LoRa 255
04/27/2021  13:51:56 [DEBUG] [central] modbus adu to send: [255, 4, 0, 1, 0, 8, 181, 210]
04/27/2021  13:51:56 [DEBUG] [cipher] Encrypting using CFB
04/27/2021  13:51:56 [DEBUG] [cipher] message : b'\xff\x04\x00\x01\x00\x08\xb5\xd2'
04/27/2021  13:51:56 [DEBUG] [cipher] ciphertext: [151, 122, 96, 122, 38, 119, 5, 108]
04/27/2021  13:51:56 [DEBUG] [central] Sending...
04/27/2021  13:51:56 [DEBUG] [central] Data sent : [5, 0, 1, 14, 0, 255, 0, 7, 1, 8, 151, 122, 96, 122, 38, 119, 5, 108, 52]
04/27/2021  13:51:56 [DEBUG] [central] receiving...
04/27/2021  13:51:56 [DEBUG] [urllib3.connectionpool] https://postman-echo.com:443 "POST /post HTTP/1.1" 200 None
04/27/2021  13:51:56 [INFO ] [post] Status code is : 200
04/27/2021  13:51:56 [DEBUG] [post] <Response [200]>
04/27/2021  13:51:57 [DEBUG] [central] received: [5, 0, 129, 3, 0, 255, 0, 120, 5, 0, 130, 25, 0, 255, 52, 21, 151, 122, 112, 205, 18, 180, 141, 48, 245, 69, 157, 63, 100, 189, 83, 104, 168, 27, 218, 70, 78, 154]
04/27/2021  13:51:57 [DEBUG] [cipher] Decrypting using CFB
04/27/2021  13:51:57 [DEBUG] [cipher] ciphertext received : [151, 122, 112, 205, 18, 180, 141, 48, 245, 69, 157, 63, 100, 189, 83, 104, 168, 27, 218, 70, 78]
04/27/2021  13:51:57 [DEBUG] [cipher] message received: [255, 4, 16, 0, 0, 0, 0, 0, 0, 0, 0, 0, 0, 0, 0, 0, 0, 0, 0, 76, 208]
04/27/2021  13:51:57 [INFO ] [central] modbus correct
04/27/2021  13:51:57 [DEBUG] [central] [255, 4, 16, 0, 0, 0, 0, 0, 0, 0, 0, 0, 0, 0, 0, 0, 0, 0, 0, 76, 208]
04/27/2021  13:51:57 [DEBUG] [central] 4
04/27/2021  13:51:57 [DEBUG] [central] data: [0, 0, 0, 0]
04/27/2021  13:51:57 [INFO ] [files] Updated 00ff01: 0 at 2021-04-27 13:51:57.055679
04/27/2021  13:51:57 [DEBUG] [files] updated  {'meterid': '00ff01', 'energy': 0, 'date': '2021-04-27 13:51:57.056748'}
04/27/2021  13:51:57 [INFO ] [files] Updated 00ff02: 0 at 2021-04-27 13:51:57.058083
04/27/2021  13:51:57 [DEBUG] [files] updated  {'meterid': '00ff02', 'energy': 0, 'date': '2021-04-27 13:51:57.058768'}
04/27/2021  13:51:57 [INFO ] [files] Updated 00ff03: 0 at 2021-04-27 13:51:57.059467
04/27/2021  13:51:57 [DEBUG] [files] updated  {'meterid': '00ff03', 'energy': 0, 'date': '2021-04-27 13:51:57.059921'}
04/27/2021  13:51:57 [INFO ] [files] Updated 00ff04: 0 at 2021-04-27 13:51:57.060516
04/27/2021  13:51:57 [DEBUG] [files] updated  {'meterid': '00ff04', 'energy': 0, 'date': '2021-04-27 13:51:57.060924'}
04/27/2021  13:51:57 [INFO ] [root] Start polling
04/27/2021  13:51:57 [INFO ] [root] Posting in 10 s
04/27/2021  13:51:58 [DEBUG] [root] slaves members: [1, 2, 3, 4]
04/27/2021  13:51:58 [INFO ] [root] Poll 1 th in LoRa 255
04/27/2021  13:51:58 [DEBUG] [central] modbus adu to send: [255, 4, 0, 1, 0, 8, 181, 210]
04/27/2021  13:51:58 [DEBUG] [cipher] Encrypting using CFB
04/27/2021  13:51:58 [DEBUG] [cipher] message : b'\xff\x04\x00\x01\x00\x08\xb5\xd2'
04/27/2021  13:51:58 [DEBUG] [cipher] ciphertext: [151, 122, 96, 122, 38, 119, 5, 108]
04/27/2021  13:51:58 [DEBUG] [central] Sending...
04/27/2021  13:51:58 [DEBUG] [central] Data sent : [5, 0, 1, 14, 0, 255, 0, 7, 1, 8, 151, 122, 96, 122, 38, 119, 5, 108, 52]
04/27/2021  13:51:58 [DEBUG] [central] receiving...
04/27/2021  13:51:58 [DEBUG] [central] received: [5, 0, 129, 3, 0, 255, 0, 120, 5, 0, 130, 25, 0, 255, 52, 21, 151, 122, 112, 205, 18, 180, 141, 48, 245, 69, 157, 63, 100, 189, 83, 104, 168, 27, 218, 70, 78, 154]
04/27/2021  13:51:58 [DEBUG] [cipher] Decrypting using CFB
04/27/2021  13:51:58 [DEBUG] [cipher] ciphertext received : [151, 122, 112, 205, 18, 180, 141, 48, 245, 69, 157, 63, 100, 189, 83, 104, 168, 27, 218, 70, 78]
04/27/2021  13:51:58 [DEBUG] [cipher] message received: [255, 4, 16, 0, 0, 0, 0, 0, 0, 0, 0, 0, 0, 0, 0, 0, 0, 0, 0, 76, 208]
04/27/2021  13:51:58 [INFO ] [central] modbus correct
04/27/2021  13:51:58 [DEBUG] [central] [255, 4, 16, 0, 0, 0, 0, 0, 0, 0, 0, 0, 0, 0, 0, 0, 0, 0, 0, 76, 208]
04/27/2021  13:51:58 [DEBUG] [central] 4
04/27/2021  13:51:58 [DEBUG] [central] data: [0, 0, 0, 0]
04/27/2021  13:51:58 [INFO ] [files] Updated 00ff01: 0 at 2021-04-27 13:51:58.514865
04/27/2021  13:51:58 [DEBUG] [files] updated  {'meterid': '00ff01', 'energy': 0, 'date': '2021-04-27 13:51:58.515781'}
04/27/2021  13:51:58 [INFO ] [files] Updated 00ff02: 0 at 2021-04-27 13:51:58.516981
04/27/2021  13:51:58 [DEBUG] [files] updated  {'meterid': '00ff02', 'energy': 0, 'date': '2021-04-27 13:51:58.517767'}
04/27/2021  13:51:58 [INFO ] [files] Updated 00ff03: 0 at 2021-04-27 13:51:58.519079
04/27/2021  13:51:58 [DEBUG] [files] updated  {'meterid': '00ff03', 'energy': 0, 'date': '2021-04-27 13:51:58.519965'}
04/27/2021  13:51:58 [INFO ] [files] Updated 00ff04: 0 at 2021-04-27 13:51:58.521017
04/27/2021  13:51:58 [DEBUG] [files] updated  {'meterid': '00ff04', 'energy': 0, 'date': '2021-04-27 13:51:58.521974'}
04/27/2021  13:51:58 [INFO ] [root] Start polling
04/27/2021  13:51:58 [INFO ] [root] Posting in 9 s
04/27/2021  13:51:59 [DEBUG] [root] slaves members: [1, 2, 3, 4]
04/27/2021  13:51:59 [INFO ] [root] Poll 1 th in LoRa 255
04/27/2021  13:51:59 [DEBUG] [central] modbus adu to send: [255, 4, 0, 1, 0, 8, 181, 210]
04/27/2021  13:51:59 [DEBUG] [cipher] Encrypting using CFB
04/27/2021  13:51:59 [DEBUG] [cipher] message : b'\xff\x04\x00\x01\x00\x08\xb5\xd2'
04/27/2021  13:51:59 [DEBUG] [cipher] ciphertext: [151, 122, 96, 122, 38, 119, 5, 108]
04/27/2021  13:51:59 [DEBUG] [central] Sending...
04/27/2021  13:51:59 [DEBUG] [central] Data sent : [5, 0, 1, 14, 0, 255, 0, 7, 1, 8, 151, 122, 96, 122, 38, 119, 5, 108, 52]
04/27/2021  13:51:59 [DEBUG] [central] receiving...
04/27/2021  13:51:59 [INFO ] [root] Posting in 8 s
04/27/2021  13:51:59 [DEBUG] [central] received: [5, 0, 129, 3, 0, 255, 0, 120, 5, 0, 130, 25, 0, 255, 52, 21, 151, 122, 112, 205, 18, 180, 141, 48, 245, 69, 157, 63, 100, 189, 83, 104, 168, 27, 218, 70, 78, 154]
04/27/2021  13:51:59 [DEBUG] [cipher] Decrypting using CFB
04/27/2021  13:51:59 [DEBUG] [cipher] ciphertext received : [151, 122, 112, 205, 18, 180, 141, 48, 245, 69, 157, 63, 100, 189, 83, 104, 168, 27, 218, 70, 78]
04/27/2021  13:51:59 [DEBUG] [cipher] message received: [255, 4, 16, 0, 0, 0, 0, 0, 0, 0, 0, 0, 0, 0, 0, 0, 0, 0, 0, 76, 208]
04/27/2021  13:51:59 [INFO ] [central] modbus correct
04/27/2021  13:51:59 [DEBUG] [central] [255, 4, 16, 0, 0, 0, 0, 0, 0, 0, 0, 0, 0, 0, 0, 0, 0, 0, 0, 76, 208]
04/27/2021  13:51:59 [DEBUG] [central] 4
04/27/2021  13:51:59 [DEBUG] [central] data: [0, 0, 0, 0]
04/27/2021  13:51:59 [INFO ] [files] Updated 00ff01: 0 at 2021-04-27 13:51:59.974226
04/27/2021  13:51:59 [DEBUG] [files] updated  {'meterid': '00ff01', 'energy': 0, 'date': '2021-04-27 13:51:59.975075'}
04/27/2021  13:51:59 [INFO ] [files] Updated 00ff02: 0 at 2021-04-27 13:51:59.976289
04/27/2021  13:51:59 [DEBUG] [files] updated  {'meterid': '00ff02', 'energy': 0, 'date': '2021-04-27 13:51:59.977072'}
04/27/2021  13:51:59 [INFO ] [files] Updated 00ff03: 0 at 2021-04-27 13:51:59.978318
04/27/2021  13:51:59 [DEBUG] [files] updated  {'meterid': '00ff03', 'energy': 0, 'date': '2021-04-27 13:51:59.979062'}
04/27/2021  13:51:59 [INFO ] [files] Updated 00ff04: 0 at 2021-04-27 13:51:59.979981
04/27/2021  13:51:59 [DEBUG] [files] updated  {'meterid': '00ff04', 'energy': 0, 'date': '2021-04-27 13:51:59.980741'}
04/27/2021  13:51:59 [INFO ] [root] Start polling
04/27/2021  13:52:00 [INFO ] [root] Posting in 7 s
04/27/2021  13:52:00 [DEBUG] [root] slaves members: [1, 2, 3, 4]
04/27/2021  13:52:00 [INFO ] [root] Poll 1 th in LoRa 255
04/27/2021  13:52:00 [DEBUG] [central] modbus adu to send: [255, 4, 0, 1, 0, 8, 181, 210]
04/27/2021  13:52:00 [DEBUG] [cipher] Encrypting using CFB
04/27/2021  13:52:00 [DEBUG] [cipher] message : b'\xff\x04\x00\x01\x00\x08\xb5\xd2'
04/27/2021  13:52:00 [DEBUG] [cipher] ciphertext: [151, 122, 96, 122, 38, 119, 5, 108]
04/27/2021  13:52:00 [DEBUG] [central] Sending...
04/27/2021  13:52:00 [DEBUG] [central] Data sent : [5, 0, 1, 14, 0, 255, 0, 7, 1, 8, 151, 122, 96, 122, 38, 119, 5, 108, 52]
04/27/2021  13:52:00 [DEBUG] [central] receiving...
04/27/2021  13:52:01 [DEBUG] [central] received: [5, 0, 129, 3, 0, 255, 0, 120, 5, 0, 130, 25, 0, 255, 52, 21, 151, 122, 112, 205, 18, 180, 141, 48, 245, 69, 157, 63, 100, 189, 83, 104, 168, 27, 218, 70, 78, 154]
04/27/2021  13:52:01 [DEBUG] [cipher] Decrypting using CFB
04/27/2021  13:52:01 [DEBUG] [cipher] ciphertext received : [151, 122, 112, 205, 18, 180, 141, 48, 245, 69, 157, 63, 100, 189, 83, 104, 168, 27, 218, 70, 78]
04/27/2021  13:52:01 [DEBUG] [cipher] message received: [255, 4, 16, 0, 0, 0, 0, 0, 0, 0, 0, 0, 0, 0, 0, 0, 0, 0, 0, 76, 208]
04/27/2021  13:52:01 [INFO ] [central] modbus correct
04/27/2021  13:52:01 [DEBUG] [central] [255, 4, 16, 0, 0, 0, 0, 0, 0, 0, 0, 0, 0, 0, 0, 0, 0, 0, 0, 76, 208]
04/27/2021  13:52:01 [DEBUG] [central] 4
04/27/2021  13:52:01 [DEBUG] [central] data: [0, 0, 0, 0]
04/27/2021  13:52:01 [INFO ] [files] Updated 00ff01: 0 at 2021-04-27 13:52:01.434113
04/27/2021  13:52:01 [DEBUG] [files] updated  {'meterid': '00ff01', 'energy': 0, 'date': '2021-04-27 13:52:01.435144'}
04/27/2021  13:52:01 [INFO ] [files] Updated 00ff02: 0 at 2021-04-27 13:52:01.436280
04/27/2021  13:52:01 [DEBUG] [files] updated  {'meterid': '00ff02', 'energy': 0, 'date': '2021-04-27 13:52:01.437134'}
04/27/2021  13:52:01 [INFO ] [files] Updated 00ff03: 0 at 2021-04-27 13:52:01.438143
04/27/2021  13:52:01 [DEBUG] [files] updated  {'meterid': '00ff03', 'energy': 0, 'date': '2021-04-27 13:52:01.438617'}
04/27/2021  13:52:01 [INFO ] [files] Updated 00ff04: 0 at 2021-04-27 13:52:01.439165
04/27/2021  13:52:01 [DEBUG] [files] updated  {'meterid': '00ff04', 'energy': 0, 'date': '2021-04-27 13:52:01.439556'}
04/27/2021  13:52:01 [INFO ] [root] Start polling
04/27/2021  13:52:01 [INFO ] [root] Posting in 6 s
04/27/2021  13:52:02 [DEBUG] [root] slaves members: [1, 2, 3, 4]
04/27/2021  13:52:02 [INFO ] [root] Poll 1 th in LoRa 255
04/27/2021  13:52:02 [DEBUG] [central] modbus adu to send: [255, 4, 0, 1, 0, 8, 181, 210]
04/27/2021  13:52:02 [DEBUG] [cipher] Encrypting using CFB
04/27/2021  13:52:02 [DEBUG] [cipher] message : b'\xff\x04\x00\x01\x00\x08\xb5\xd2'
04/27/2021  13:52:02 [DEBUG] [cipher] ciphertext: [151, 122, 96, 122, 38, 119, 5, 108]
04/27/2021  13:52:02 [DEBUG] [central] Sending...
04/27/2021  13:52:02 [DEBUG] [central] Data sent : [5, 0, 1, 14, 0, 255, 0, 7, 1, 8, 151, 122, 96, 122, 38, 119, 5, 108, 52]
04/27/2021  13:52:02 [DEBUG] [central] receiving...
04/27/2021  13:52:02 [INFO ] [root] Posting in 5 s
04/27/2021  13:52:02 [DEBUG] [central] received: [5, 0, 129, 3, 0, 255, 0, 120, 5, 0, 130, 25, 0, 255, 54, 21, 151, 122, 112, 205, 18, 180, 141, 48, 245, 69, 157, 63, 100, 189, 83, 104, 168, 27, 218, 70, 78, 152]
04/27/2021  13:52:02 [DEBUG] [cipher] Decrypting using CFB
04/27/2021  13:52:02 [DEBUG] [cipher] ciphertext received : [151, 122, 112, 205, 18, 180, 141, 48, 245, 69, 157, 63, 100, 189, 83, 104, 168, 27, 218, 70, 78]
04/27/2021  13:52:02 [DEBUG] [cipher] message received: [255, 4, 16, 0, 0, 0, 0, 0, 0, 0, 0, 0, 0, 0, 0, 0, 0, 0, 0, 76, 208]
04/27/2021  13:52:02 [INFO ] [central] modbus correct
04/27/2021  13:52:02 [DEBUG] [central] [255, 4, 16, 0, 0, 0, 0, 0, 0, 0, 0, 0, 0, 0, 0, 0, 0, 0, 0, 76, 208]
04/27/2021  13:52:02 [DEBUG] [central] 4
04/27/2021  13:52:02 [DEBUG] [central] data: [0, 0, 0, 0]
04/27/2021  13:52:02 [INFO ] [files] Updated 00ff01: 0 at 2021-04-27 13:52:02.903832
04/27/2021  13:52:02 [DEBUG] [files] updated  {'meterid': '00ff01', 'energy': 0, 'date': '2021-04-27 13:52:02.904657'}
04/27/2021  13:52:02 [INFO ] [files] Updated 00ff02: 0 at 2021-04-27 13:52:02.905716
04/27/2021  13:52:02 [DEBUG] [files] updated  {'meterid': '00ff02', 'energy': 0, 'date': '2021-04-27 13:52:02.906313'}
04/27/2021  13:52:02 [INFO ] [files] Updated 00ff03: 0 at 2021-04-27 13:52:02.906995
04/27/2021  13:52:02 [DEBUG] [files] updated  {'meterid': '00ff03', 'energy': 0, 'date': '2021-04-27 13:52:02.907466'}
04/27/2021  13:52:02 [INFO ] [files] Updated 00ff04: 0 at 2021-04-27 13:52:02.908133
04/27/2021  13:52:02 [DEBUG] [files] updated  {'meterid': '00ff04', 'energy': 0, 'date': '2021-04-27 13:52:02.908602'}
04/27/2021  13:52:02 [INFO ] [root] Start polling
04/27/2021  13:52:03 [INFO ] [root] Posting in 4 s
04/27/2021  13:52:03 [DEBUG] [root] slaves members: [1, 2, 3, 4]
04/27/2021  13:52:03 [INFO ] [root] Poll 1 th in LoRa 255
04/27/2021  13:52:03 [DEBUG] [central] modbus adu to send: [255, 4, 0, 1, 0, 8, 181, 210]
04/27/2021  13:52:03 [DEBUG] [cipher] Encrypting using CFB
04/27/2021  13:52:03 [DEBUG] [cipher] message : b'\xff\x04\x00\x01\x00\x08\xb5\xd2'
04/27/2021  13:52:03 [DEBUG] [cipher] ciphertext: [151, 122, 96, 122, 38, 119, 5, 108]
04/27/2021  13:52:03 [DEBUG] [central] Sending...
04/27/2021  13:52:03 [DEBUG] [central] Data sent : [5, 0, 1, 14, 0, 255, 0, 7, 1, 8, 151, 122, 96, 122, 38, 119, 5, 108, 52]
04/27/2021  13:52:03 [DEBUG] [central] receiving...
04/27/2021  13:52:04 [DEBUG] [central] received: [5, 0, 129, 3, 0, 255, 0, 120, 5, 0, 130, 25, 0, 255, 54, 21, 151, 122, 112, 205, 18, 180, 141, 48, 245, 69, 157, 63, 100, 189, 83, 104, 168, 27, 218, 70, 78, 152]
04/27/2021  13:52:04 [DEBUG] [cipher] Decrypting using CFB
04/27/2021  13:52:04 [DEBUG] [cipher] ciphertext received : [151, 122, 112, 205, 18, 180, 141, 48, 245, 69, 157, 63, 100, 189, 83, 104, 168, 27, 218, 70, 78]
04/27/2021  13:52:04 [DEBUG] [cipher] message received: [255, 4, 16, 0, 0, 0, 0, 0, 0, 0, 0, 0, 0, 0, 0, 0, 0, 0, 0, 76, 208]
04/27/2021  13:52:04 [INFO ] [central] modbus correct
04/27/2021  13:52:04 [DEBUG] [central] [255, 4, 16, 0, 0, 0, 0, 0, 0, 0, 0, 0, 0, 0, 0, 0, 0, 0, 0, 76, 208]
04/27/2021  13:52:04 [DEBUG] [central] 4
04/27/2021  13:52:04 [DEBUG] [central] data: [0, 0, 0, 0]
04/27/2021  13:52:04 [INFO ] [files] Updated 00ff01: 0 at 2021-04-27 13:52:04.371749
04/27/2021  13:52:04 [DEBUG] [files] updated  {'meterid': '00ff01', 'energy': 0, 'date': '2021-04-27 13:52:04.372174'}
04/27/2021  13:52:04 [INFO ] [files] Updated 00ff02: 0 at 2021-04-27 13:52:04.372639
04/27/2021  13:52:04 [DEBUG] [files] updated  {'meterid': '00ff02', 'energy': 0, 'date': '2021-04-27 13:52:04.373204'}
04/27/2021  13:52:04 [INFO ] [files] Updated 00ff03: 0 at 2021-04-27 13:52:04.374014
04/27/2021  13:52:04 [DEBUG] [files] updated  {'meterid': '00ff03', 'energy': 0, 'date': '2021-04-27 13:52:04.374737'}
04/27/2021  13:52:04 [INFO ] [files] Updated 00ff04: 0 at 2021-04-27 13:52:04.375256
04/27/2021  13:52:04 [DEBUG] [files] updated  {'meterid': '00ff04', 'energy': 0, 'date': '2021-04-27 13:52:04.375585'}
04/27/2021  13:52:04 [INFO ] [root] Start polling
04/27/2021  13:52:04 [INFO ] [root] Posting in 3 s
04/27/2021  13:52:05 [DEBUG] [root] slaves members: [1, 2, 3, 4]
04/27/2021  13:52:05 [INFO ] [root] Poll 1 th in LoRa 255
04/27/2021  13:52:05 [DEBUG] [central] modbus adu to send: [255, 4, 0, 1, 0, 8, 181, 210]
04/27/2021  13:52:05 [DEBUG] [cipher] Encrypting using CFB
04/27/2021  13:52:05 [DEBUG] [cipher] message : b'\xff\x04\x00\x01\x00\x08\xb5\xd2'
04/27/2021  13:52:05 [DEBUG] [cipher] ciphertext: [151, 122, 96, 122, 38, 119, 5, 108]
04/27/2021  13:52:05 [DEBUG] [central] Sending...
04/27/2021  13:52:05 [DEBUG] [central] Data sent : [5, 0, 1, 14, 0, 255, 0, 7, 1, 8, 151, 122, 96, 122, 38, 119, 5, 108, 52]
04/27/2021  13:52:05 [DEBUG] [central] receiving...
04/27/2021  13:52:05 [DEBUG] [central] received: [5, 0, 129, 3, 0, 255, 0, 120, 5, 0, 130, 25, 0, 255, 54, 21, 151, 122, 112, 205, 18, 180, 141, 48, 245, 69, 157, 63, 100, 189, 83, 104, 168, 27, 218, 70, 78, 152]
04/27/2021  13:52:05 [DEBUG] [cipher] Decrypting using CFB
04/27/2021  13:52:05 [DEBUG] [cipher] ciphertext received : [151, 122, 112, 205, 18, 180, 141, 48, 245, 69, 157, 63, 100, 189, 83, 104, 168, 27, 218, 70, 78]
04/27/2021  13:52:05 [DEBUG] [cipher] message received: [255, 4, 16, 0, 0, 0, 0, 0, 0, 0, 0, 0, 0, 0, 0, 0, 0, 0, 0, 76, 208]
04/27/2021  13:52:05 [INFO ] [central] modbus correct
04/27/2021  13:52:05 [DEBUG] [central] [255, 4, 16, 0, 0, 0, 0, 0, 0, 0, 0, 0, 0, 0, 0, 0, 0, 0, 0, 76, 208]
04/27/2021  13:52:05 [DEBUG] [central] 4
04/27/2021  13:52:05 [DEBUG] [central] data: [0, 0, 0, 0]
04/27/2021  13:52:05 [INFO ] [files] Updated 00ff01: 0 at 2021-04-27 13:52:05.833086
04/27/2021  13:52:05 [DEBUG] [files] updated  {'meterid': '00ff01', 'energy': 0, 'date': '2021-04-27 13:52:05.834250'}
04/27/2021  13:52:05 [INFO ] [files] Updated 00ff02: 0 at 2021-04-27 13:52:05.835658
04/27/2021  13:52:05 [DEBUG] [files] updated  {'meterid': '00ff02', 'energy': 0, 'date': '2021-04-27 13:52:05.836717'}
04/27/2021  13:52:05 [INFO ] [files] Updated 00ff03: 0 at 2021-04-27 13:52:05.838381
04/27/2021  13:52:05 [DEBUG] [files] updated  {'meterid': '00ff03', 'energy': 0, 'date': '2021-04-27 13:52:05.839461'}
04/27/2021  13:52:05 [INFO ] [files] Updated 00ff04: 0 at 2021-04-27 13:52:05.840929
04/27/2021  13:52:05 [DEBUG] [files] updated  {'meterid': '00ff04', 'energy': 0, 'date': '2021-04-27 13:52:05.841952'}
04/27/2021  13:52:05 [INFO ] [root] Start polling
04/27/2021  13:52:05 [INFO ] [root] Posting in 2 s
04/27/2021  13:52:06 [DEBUG] [root] slaves members: [1, 2, 3, 4]
04/27/2021  13:52:06 [INFO ] [root] Poll 1 th in LoRa 255
04/27/2021  13:52:06 [DEBUG] [central] modbus adu to send: [255, 4, 0, 1, 0, 8, 181, 210]
04/27/2021  13:52:06 [DEBUG] [cipher] Encrypting using CFB
04/27/2021  13:52:06 [DEBUG] [cipher] message : b'\xff\x04\x00\x01\x00\x08\xb5\xd2'
04/27/2021  13:52:06 [DEBUG] [cipher] ciphertext: [151, 122, 96, 122, 38, 119, 5, 108]
04/27/2021  13:52:06 [DEBUG] [central] Sending...
04/27/2021  13:52:06 [DEBUG] [central] Data sent : [5, 0, 1, 14, 0, 255, 0, 7, 1, 8, 151, 122, 96, 122, 38, 119, 5, 108, 52]
04/27/2021  13:52:06 [DEBUG] [central] receiving...
04/27/2021  13:52:06 [INFO ] [root] Posting in 1 s
04/27/2021  13:52:06 [INFO ] [post] Posting to Scada
04/27/2021  13:52:06 [DEBUG] [post] Data to post: {'id': '0001', 'write_api_key': 'PYF7YMZNOM3TJVSM', 'updates': [{'meterid': '00ff01', 'energy': 0, 'date': '2021-04-27 13:52:05.834250'}, {'meterid': '00ff02', 'energy': 0, 'date': '2021-04-27 13:52:05.836717'}, {'meterid': '00ff03', 'energy': 0, 'date': '2021-04-27 13:52:05.839461'}, {'meterid': '00ff04', 'energy': 0, 'date': '2021-04-27 13:52:05.841952'}, {'meterid': '00fe00', 'energy': 0, 'date': '2021-03-19 09:50:35.914387'}, {'meterid': '001701', 'energy': 0, 'date': '2021-04-14 11:20:44.973238'}, {'meterid': '001702', 'energy': 0, 'date': '2021-04-14 11:20:44.975502'}, {'meterid': '001703', 'energy': 0, 'date': '2021-04-14 11:20:44.977495'}, {'meterid': '001704', 'energy': 0, 'date': '2021-04-14 11:20:44.979371'}, {'meterid': '000201', 'energy': 0, 'date': '2021-04-14 11:17:18.854060 -0400'}, {'meterid': '000202', 'energy': 0, 'date': '2021-04-14 11:17:18.854246 -0400'}, {'meterid': '000203', 'energy': 0, 'date': '2021-04-14 11:17:18.854402 -0400'}, {'meterid': '000204', 'energy': 0, 'date': '2021-04-14 11:17:18.854567 -0400'}]}
04/27/2021  13:52:06 [DEBUG] [urllib3.connectionpool] Starting new HTTPS connection (1): postman-echo.com:443
04/27/2021  13:52:07 [DEBUG] [central] received: [5, 0, 129, 3, 0, 255, 0, 120, 5, 0, 130, 25, 0, 255, 53, 21, 151, 122, 112, 205, 18, 180, 141, 48, 245, 69, 157, 63, 100, 189, 83, 104, 168, 27, 218, 70, 78, 155]
04/27/2021  13:52:07 [DEBUG] [cipher] Decrypting using CFB
04/27/2021  13:52:07 [DEBUG] [cipher] ciphertext received : [151, 122, 112, 205, 18, 180, 141, 48, 245, 69, 157, 63, 100, 189, 83, 104, 168, 27, 218, 70, 78]
04/27/2021  13:52:07 [DEBUG] [cipher] message received: [255, 4, 16, 0, 0, 0, 0, 0, 0, 0, 0, 0, 0, 0, 0, 0, 0, 0, 0, 76, 208]
04/27/2021  13:52:07 [INFO ] [central] modbus correct
04/27/2021  13:52:07 [DEBUG] [central] [255, 4, 16, 0, 0, 0, 0, 0, 0, 0, 0, 0, 0, 0, 0, 0, 0, 0, 0, 76, 208]
04/27/2021  13:52:07 [DEBUG] [central] 4
04/27/2021  13:52:07 [DEBUG] [central] data: [0, 0, 0, 0]
04/27/2021  13:52:07 [INFO ] [files] Updated 00ff01: 0 at 2021-04-27 13:52:07.301934
04/27/2021  13:52:07 [DEBUG] [files] updated  {'meterid': '00ff01', 'energy': 0, 'date': '2021-04-27 13:52:07.302826'}
04/27/2021  13:52:07 [INFO ] [files] Updated 00ff02: 0 at 2021-04-27 13:52:07.304072
04/27/2021  13:52:07 [DEBUG] [files] updated  {'meterid': '00ff02', 'energy': 0, 'date': '2021-04-27 13:52:07.304824'}
04/27/2021  13:52:07 [INFO ] [files] Updated 00ff03: 0 at 2021-04-27 13:52:07.305824
04/27/2021  13:52:07 [DEBUG] [files] updated  {'meterid': '00ff03', 'energy': 0, 'date': '2021-04-27 13:52:07.306570'}
04/27/2021  13:52:07 [INFO ] [files] Updated 00ff04: 0 at 2021-04-27 13:52:07.307558
04/27/2021  13:52:07 [DEBUG] [files] updated  {'meterid': '00ff04', 'energy': 0, 'date': '2021-04-27 13:52:07.308270'}
04/27/2021  13:52:07 [INFO ] [root] Start polling
04/27/2021  13:52:07 [DEBUG] [urllib3.connectionpool] https://postman-echo.com:443 "POST /post HTTP/1.1" 200 None
04/27/2021  13:52:07 [INFO ] [post] Status code is : 200
04/27/2021  13:52:07 [DEBUG] [post] <Response [200]>
04/27/2021  13:52:07 [ERROR] [root] App finished!
04/27/2021  13:53:16 [ERROR] [central] Unexpected data lenght received [5, 0, 129, 3, 0, 254, 0, 121]
04/27/2021  13:54:44 [ERROR] [root] App finished!
